2025-01-16 21:42:15.889  INFO 11674 --- [kground-preinit] org.hibernate.validator.internal.util.Version.<clinit> : HV000001: Hibernate Validator 8.0.2.Final
2025-01-16 21:42:15.903  INFO 11674 --- [           main] me.sridharpatil.ecom.notificationservice.NotificationserviceApplication.logStarting : Starting NotificationserviceApplication using Java 21.0.1 with PID 11674 (/Users/sridharpatil/Documents/Learning/ProjectModule/ecom/notificationservice/notificationservice/target/classes started by sridharpatil in /Users/sridharpatil/Documents/Learning/ProjectModule/ecom/notificationservice/notificationservice)
2025-01-16 21:42:15.904 DEBUG 11674 --- [           main] me.sridharpatil.ecom.notificationservice.NotificationserviceApplication.logStarting : Running with Spring Boot v3.4.1, Spring v6.2.1
2025-01-16 21:42:15.904  INFO 11674 --- [           main] me.sridharpatil.ecom.notificationservice.NotificationserviceApplication.logStartupProfileInfo : No active profile set, falling back to 1 default profile: "default"
2025-01-16 21:42:16.267  INFO 11674 --- [           main] org.springframework.boot.web.embedded.tomcat.TomcatWebServer.initialize : Tomcat initialized with port 8083 (http)
2025-01-16 21:42:16.273  INFO 11674 --- [           main] org.apache.coyote.http11.Http11NioProtocol.log : Initializing ProtocolHandler ["http-nio-8083"]
2025-01-16 21:42:16.274  INFO 11674 --- [           main] org.apache.catalina.core.StandardService.log : Starting service [Tomcat]
2025-01-16 21:42:16.274  INFO 11674 --- [           main] org.apache.catalina.core.StandardEngine.log : Starting Servlet engine: [Apache Tomcat/10.1.34]
2025-01-16 21:42:16.297  INFO 11674 --- [           main] org.apache.catalina.core.ContainerBase.[Tomcat].[localhost].[/].log : Initializing Spring embedded WebApplicationContext
2025-01-16 21:42:16.297  INFO 11674 --- [           main] org.springframework.boot.web.servlet.context.ServletWebServerApplicationContext.prepareWebApplicationContext : Root WebApplicationContext: initialization completed in 378 ms
2025-01-16 21:42:16.480 TRACE 11674 --- [           main] org.springframework.security.config.annotation.authentication.configuration.AuthenticationConfiguration$EnableGlobalAuthenticationAutowiredConfigurer.init : Eagerly initializing {org.springframework.boot.autoconfigure.security.servlet.SpringBootWebSecurityConfiguration$WebSecurityEnablerConfiguration=org.springframework.boot.autoconfigure.security.servlet.SpringBootWebSecurityConfiguration$WebSecurityEnablerConfiguration@66f16742}
2025-01-16 21:42:16.481 DEBUG 11674 --- [           main] org.springframework.security.config.annotation.authentication.configuration.AuthenticationConfiguration$DefaultPasswordEncoderAuthenticationManagerBuilder.performBuild : No authenticationProviders and no parentAuthenticationManager defined. Returning null.
2025-01-16 21:42:16.515 DEBUG 11674 --- [           main] org.springframework.security.web.DefaultSecurityFilterChain.<init> : Will secure any request with filters: DisableEncodeUrlFilter, WebAsyncManagerIntegrationFilter, SecurityContextHolderFilter, HeaderWriterFilter, CsrfFilter, LogoutFilter, UsernamePasswordAuthenticationFilter, DefaultResourcesFilter, DefaultLoginPageGeneratingFilter, DefaultLogoutPageGeneratingFilter, BasicAuthenticationFilter, RequestCacheAwareFilter, SecurityContextHolderAwareRequestFilter, AnonymousAuthenticationFilter, ExceptionTranslationFilter, AuthorizationFilter
2025-01-16 21:42:16.542  INFO 11674 --- [           main] org.apache.coyote.http11.Http11NioProtocol.log : Starting ProtocolHandler ["http-nio-8083"]
2025-01-16 21:42:16.547  INFO 11674 --- [           main] org.springframework.boot.web.embedded.tomcat.TomcatWebServer.start : Tomcat started on port 8083 (http) with context path '/'
2025-01-16 21:42:16.568  INFO 11674 --- [           main] org.apache.kafka.clients.consumer.ConsumerConfig.logAll : ConsumerConfig values: 
	allow.auto.create.topics = true
	auto.commit.interval.ms = 5000
	auto.include.jmx.reporter = true
	auto.offset.reset = latest
	bootstrap.servers = [localhost:9092]
	check.crcs = true
	client.dns.lookup = use_all_dns_ips
	client.id = consumer-notification-service.email-sender-1
	client.rack = 
	connections.max.idle.ms = 540000
	default.api.timeout.ms = 60000
	enable.auto.commit = false
	enable.metrics.push = true
	exclude.internal.topics = true
	fetch.max.bytes = 52428800
	fetch.max.wait.ms = 500
	fetch.min.bytes = 1
	group.id = notification-service.email-sender
	group.instance.id = null
	group.protocol = classic
	group.remote.assignor = null
	heartbeat.interval.ms = 3000
	interceptor.classes = []
	internal.leave.group.on.close = true
	internal.throw.on.fetch.stable.offset.unsupported = false
	isolation.level = read_uncommitted
	key.deserializer = class org.apache.kafka.common.serialization.StringDeserializer
	max.partition.fetch.bytes = 1048576
	max.poll.interval.ms = 300000
	max.poll.records = 500
	metadata.max.age.ms = 300000
	metadata.recovery.strategy = none
	metric.reporters = []
	metrics.num.samples = 2
	metrics.recording.level = INFO
	metrics.sample.window.ms = 30000
	partition.assignment.strategy = [class org.apache.kafka.clients.consumer.RangeAssignor, class org.apache.kafka.clients.consumer.CooperativeStickyAssignor]
	receive.buffer.bytes = 65536
	reconnect.backoff.max.ms = 1000
	reconnect.backoff.ms = 50
	request.timeout.ms = 30000
	retry.backoff.max.ms = 1000
	retry.backoff.ms = 100
	sasl.client.callback.handler.class = null
	sasl.jaas.config = null
	sasl.kerberos.kinit.cmd = /usr/bin/kinit
	sasl.kerberos.min.time.before.relogin = 60000
	sasl.kerberos.service.name = null
	sasl.kerberos.ticket.renew.jitter = 0.05
	sasl.kerberos.ticket.renew.window.factor = 0.8
	sasl.login.callback.handler.class = null
	sasl.login.class = null
	sasl.login.connect.timeout.ms = null
	sasl.login.read.timeout.ms = null
	sasl.login.refresh.buffer.seconds = 300
	sasl.login.refresh.min.period.seconds = 60
	sasl.login.refresh.window.factor = 0.8
	sasl.login.refresh.window.jitter = 0.05
	sasl.login.retry.backoff.max.ms = 10000
	sasl.login.retry.backoff.ms = 100
	sasl.mechanism = GSSAPI
	sasl.oauthbearer.clock.skew.seconds = 30
	sasl.oauthbearer.expected.audience = null
	sasl.oauthbearer.expected.issuer = null
	sasl.oauthbearer.jwks.endpoint.refresh.ms = 3600000
	sasl.oauthbearer.jwks.endpoint.retry.backoff.max.ms = 10000
	sasl.oauthbearer.jwks.endpoint.retry.backoff.ms = 100
	sasl.oauthbearer.jwks.endpoint.url = null
	sasl.oauthbearer.scope.claim.name = scope
	sasl.oauthbearer.sub.claim.name = sub
	sasl.oauthbearer.token.endpoint.url = null
	security.protocol = PLAINTEXT
	security.providers = null
	send.buffer.bytes = 131072
	session.timeout.ms = 45000
	socket.connection.setup.timeout.max.ms = 30000
	socket.connection.setup.timeout.ms = 10000
	ssl.cipher.suites = null
	ssl.enabled.protocols = [TLSv1.2, TLSv1.3]
	ssl.endpoint.identification.algorithm = https
	ssl.engine.factory.class = null
	ssl.key.password = null
	ssl.keymanager.algorithm = SunX509
	ssl.keystore.certificate.chain = null
	ssl.keystore.key = null
	ssl.keystore.location = null
	ssl.keystore.password = null
	ssl.keystore.type = JKS
	ssl.protocol = TLSv1.3
	ssl.provider = null
	ssl.secure.random.implementation = null
	ssl.trustmanager.algorithm = PKIX
	ssl.truststore.certificates = null
	ssl.truststore.location = null
	ssl.truststore.password = null
	ssl.truststore.type = JKS
	value.deserializer = class org.apache.kafka.common.serialization.StringDeserializer

2025-01-16 21:42:16.589  INFO 11674 --- [           main] org.apache.kafka.common.telemetry.internals.KafkaMetricsCollector.init : initializing Kafka metrics collector
2025-01-16 21:42:16.620  INFO 11674 --- [           main] org.apache.kafka.common.utils.AppInfoParser.<init> : Kafka version: 3.8.1
2025-01-16 21:42:16.620  INFO 11674 --- [           main] org.apache.kafka.common.utils.AppInfoParser.<init> : Kafka commitId: 70d6ff42debf7e17
2025-01-16 21:42:16.620  INFO 11674 --- [           main] org.apache.kafka.common.utils.AppInfoParser.<init> : Kafka startTimeMs: 1737043936619
2025-01-16 21:42:16.622  INFO 11674 --- [           main] org.apache.kafka.clients.consumer.internals.LegacyKafkaConsumer.subscribeInternal : [Consumer clientId=consumer-notification-service.email-sender-1, groupId=notification-service.email-sender] Subscribed to topic(s): user-service.send-email
2025-01-16 21:42:16.629  INFO 11674 --- [           main] me.sridharpatil.ecom.notificationservice.NotificationserviceApplication.logStarted : Started NotificationserviceApplication in 0.839 seconds (process running for 1.223)
2025-01-16 21:42:16.747  INFO 11674 --- [ntainer#0-0-C-1] org.apache.kafka.clients.Metadata.update : [Consumer clientId=consumer-notification-service.email-sender-1, groupId=notification-service.email-sender] Cluster ID: 5L6g3nShT-eMCtK--X86sw
2025-01-16 21:42:16.870  INFO 11674 --- [ntainer#0-0-C-1] org.apache.kafka.clients.consumer.internals.ConsumerCoordinator.onSuccess : [Consumer clientId=consumer-notification-service.email-sender-1, groupId=notification-service.email-sender] Discovered group coordinator localhost:9092 (id: 2147483646 rack: null)
2025-01-16 21:42:16.871  INFO 11674 --- [ntainer#0-0-C-1] org.apache.kafka.clients.consumer.internals.ConsumerCoordinator.sendJoinGroupRequest : [Consumer clientId=consumer-notification-service.email-sender-1, groupId=notification-service.email-sender] (Re-)joining group
2025-01-16 21:42:16.881  INFO 11674 --- [ntainer#0-0-C-1] org.apache.kafka.clients.consumer.internals.ConsumerCoordinator.markCoordinatorUnknown : [Consumer clientId=consumer-notification-service.email-sender-1, groupId=notification-service.email-sender] Group coordinator localhost:9092 (id: 2147483646 rack: null) is unavailable or invalid due to cause: error response NOT_COORDINATOR. isDisconnected: false. Rediscovery will be attempted.
2025-01-16 21:42:16.881  INFO 11674 --- [ntainer#0-0-C-1] org.apache.kafka.clients.consumer.internals.ConsumerCoordinator.markCoordinatorUnknown : [Consumer clientId=consumer-notification-service.email-sender-1, groupId=notification-service.email-sender] Requesting disconnect from last known coordinator localhost:9092 (id: 2147483646 rack: null)
2025-01-16 21:42:16.881  INFO 11674 --- [ntainer#0-0-C-1] org.apache.kafka.clients.consumer.internals.ConsumerCoordinator.handle : [Consumer clientId=consumer-notification-service.email-sender-1, groupId=notification-service.email-sender] JoinGroup failed: This is not the correct coordinator. Marking coordinator unknown. Sent generation was Generation{generationId=-1, memberId='', protocol='null'}
2025-01-16 21:42:16.881  INFO 11674 --- [ntainer#0-0-C-1] org.apache.kafka.clients.NetworkClient.disconnect : [Consumer clientId=consumer-notification-service.email-sender-1, groupId=notification-service.email-sender] Client requested disconnect from node 2147483646
2025-01-16 21:42:16.884  INFO 11674 --- [ntainer#0-0-C-1] org.apache.kafka.clients.consumer.internals.ConsumerCoordinator.onSuccess : [Consumer clientId=consumer-notification-service.email-sender-1, groupId=notification-service.email-sender] Discovered group coordinator localhost:9092 (id: 2147483646 rack: null)
2025-01-16 21:42:16.884  INFO 11674 --- [ntainer#0-0-C-1] org.apache.kafka.clients.consumer.internals.ConsumerCoordinator.markCoordinatorUnknown : [Consumer clientId=consumer-notification-service.email-sender-1, groupId=notification-service.email-sender] Group coordinator localhost:9092 (id: 2147483646 rack: null) is unavailable or invalid due to cause: coordinator unavailable. isDisconnected: false. Rediscovery will be attempted.
2025-01-16 21:42:16.884  INFO 11674 --- [ntainer#0-0-C-1] org.apache.kafka.clients.consumer.internals.ConsumerCoordinator.markCoordinatorUnknown : [Consumer clientId=consumer-notification-service.email-sender-1, groupId=notification-service.email-sender] Requesting disconnect from last known coordinator localhost:9092 (id: 2147483646 rack: null)
2025-01-16 21:42:17.000  INFO 11674 --- [ntainer#0-0-C-1] org.apache.kafka.clients.consumer.internals.ConsumerCoordinator.onSuccess : [Consumer clientId=consumer-notification-service.email-sender-1, groupId=notification-service.email-sender] Discovered group coordinator localhost:9092 (id: 2147483646 rack: null)
2025-01-16 21:42:17.001  INFO 11674 --- [ntainer#0-0-C-1] org.apache.kafka.clients.consumer.internals.ConsumerCoordinator.requestRejoin : [Consumer clientId=consumer-notification-service.email-sender-1, groupId=notification-service.email-sender] Request joining group due to: rebalance failed due to 'This is not the correct coordinator.' (NotCoordinatorException)
2025-01-16 21:42:17.001  INFO 11674 --- [ntainer#0-0-C-1] org.apache.kafka.clients.consumer.internals.ConsumerCoordinator.sendJoinGroupRequest : [Consumer clientId=consumer-notification-service.email-sender-1, groupId=notification-service.email-sender] (Re-)joining group
2025-01-16 21:42:17.007  INFO 11674 --- [ntainer#0-0-C-1] org.apache.kafka.clients.consumer.internals.ConsumerCoordinator.requestRejoin : [Consumer clientId=consumer-notification-service.email-sender-1, groupId=notification-service.email-sender] Request joining group due to: need to re-join with the given member-id: consumer-notification-service.email-sender-1-70e433ba-f7c1-4559-8733-4c3137530c6e
2025-01-16 21:42:17.008  INFO 11674 --- [ntainer#0-0-C-1] org.apache.kafka.clients.consumer.internals.ConsumerCoordinator.sendJoinGroupRequest : [Consumer clientId=consumer-notification-service.email-sender-1, groupId=notification-service.email-sender] (Re-)joining group
2025-01-16 21:42:20.025  INFO 11674 --- [ntainer#0-0-C-1] org.apache.kafka.clients.consumer.internals.ConsumerCoordinator.handle : [Consumer clientId=consumer-notification-service.email-sender-1, groupId=notification-service.email-sender] Successfully joined group with generation Generation{generationId=1, memberId='consumer-notification-service.email-sender-1-70e433ba-f7c1-4559-8733-4c3137530c6e', protocol='range'}
2025-01-16 21:42:20.031  INFO 11674 --- [ntainer#0-0-C-1] org.apache.kafka.clients.consumer.internals.ConsumerCoordinator.onLeaderElected : [Consumer clientId=consumer-notification-service.email-sender-1, groupId=notification-service.email-sender] Finished assignment for group at generation 1: {consumer-notification-service.email-sender-1-70e433ba-f7c1-4559-8733-4c3137530c6e=Assignment(partitions=[user-service.send-email-0])}
2025-01-16 21:42:20.045  INFO 11674 --- [ntainer#0-0-C-1] org.apache.kafka.clients.consumer.internals.ConsumerCoordinator.handle : [Consumer clientId=consumer-notification-service.email-sender-1, groupId=notification-service.email-sender] Successfully synced group in generation Generation{generationId=1, memberId='consumer-notification-service.email-sender-1-70e433ba-f7c1-4559-8733-4c3137530c6e', protocol='range'}
2025-01-16 21:42:20.045  INFO 11674 --- [ntainer#0-0-C-1] org.apache.kafka.clients.consumer.internals.ConsumerCoordinator.invokeOnAssignment : [Consumer clientId=consumer-notification-service.email-sender-1, groupId=notification-service.email-sender] Notifying assignor about the new Assignment(partitions=[user-service.send-email-0])
2025-01-16 21:42:20.047  INFO 11674 --- [ntainer#0-0-C-1] org.apache.kafka.clients.consumer.internals.ConsumerRebalanceListenerInvoker.invokePartitionsAssigned : [Consumer clientId=consumer-notification-service.email-sender-1, groupId=notification-service.email-sender] Adding newly assigned partitions: user-service.send-email-0
2025-01-16 21:42:20.054  INFO 11674 --- [ntainer#0-0-C-1] org.apache.kafka.clients.consumer.internals.ConsumerCoordinator.handle : [Consumer clientId=consumer-notification-service.email-sender-1, groupId=notification-service.email-sender] Found no committed offset for partition user-service.send-email-0
2025-01-16 21:42:20.057  INFO 11674 --- [ntainer#0-0-C-1] org.apache.kafka.clients.consumer.internals.ConsumerCoordinator.handle : [Consumer clientId=consumer-notification-service.email-sender-1, groupId=notification-service.email-sender] Found no committed offset for partition user-service.send-email-0
2025-01-16 21:42:20.064  INFO 11674 --- [ntainer#0-0-C-1] org.apache.kafka.clients.consumer.internals.SubscriptionState.maybeSeekUnvalidated : [Consumer clientId=consumer-notification-service.email-sender-1, groupId=notification-service.email-sender] Resetting offset for partition user-service.send-email-0 to position FetchPosition{offset=1, offsetEpoch=Optional.empty, currentLeader=LeaderAndEpoch{leader=Optional[localhost:9092 (id: 1 rack: null)], epoch=0}}.
2025-01-16 21:42:20.079  INFO 11674 --- [ntainer#0-0-C-1] org.springframework.kafka.listener.KafkaMessageListenerContainer.info : notification-service.email-sender: partitions assigned: [user-service.send-email-0]
2025-01-16 21:51:17.061  INFO 11674 --- [ntainer#0-0-C-1] org.apache.kafka.clients.NetworkClient.handleDisconnections : [Consumer clientId=consumer-notification-service.email-sender-1, groupId=notification-service.email-sender] Node -1 disconnected.
2025-01-16 22:01:16.952  INFO 11674 --- [ntainer#0-0-C-1] org.apache.kafka.clients.NetworkClient.handleDisconnections : [Consumer clientId=consumer-notification-service.email-sender-1, groupId=notification-service.email-sender] Node -1 disconnected.
