2025-01-12 11:54:36.933  INFO 25750 --- [kground-preinit] org.hibernate.validator.internal.util.Version.<clinit> : HV000001: Hibernate Validator 8.0.2.Final
2025-01-12 11:54:36.949  INFO 25750 --- [           main] me.sridharpatil.ecom.userservice.Userservice.logStarting : Starting Userservice using Java 21.0.1 with PID 25750 (/Users/sridharpatil/Documents/Learning/ProjectModule/ecom/userservice/userservice/target/classes started by sridharpatil in /Users/sridharpatil/Documents/Learning/ProjectModule/ecom/userservice/userservice)
2025-01-12 11:54:36.950 DEBUG 25750 --- [           main] me.sridharpatil.ecom.userservice.Userservice.logStarting : Running with Spring Boot v3.4.1, Spring v6.2.1
2025-01-12 11:54:36.951  INFO 25750 --- [           main] me.sridharpatil.ecom.userservice.Userservice.logStartupProfileInfo : No active profile set, falling back to 1 default profile: "default"
2025-01-12 11:54:37.200  INFO 25750 --- [           main] org.springframework.data.repository.config.RepositoryConfigurationDelegate.registerRepositoriesIn : Bootstrapping Spring Data JPA repositories in DEFAULT mode.
2025-01-12 11:54:37.208  INFO 25750 --- [           main] org.springframework.data.repository.config.RepositoryConfigurationDelegate.registerRepositoriesIn : Finished Spring Data repository scanning in 4 ms. Found 0 JPA repository interfaces.
2025-01-12 11:54:37.415  INFO 25750 --- [           main] org.springframework.boot.web.embedded.tomcat.TomcatWebServer.initialize : Tomcat initialized with port 8082 (http)
2025-01-12 11:54:37.422  INFO 25750 --- [           main] org.apache.coyote.http11.Http11NioProtocol.log : Initializing ProtocolHandler ["http-nio-8082"]
2025-01-12 11:54:37.423  INFO 25750 --- [           main] org.apache.catalina.core.StandardService.log : Starting service [Tomcat]
2025-01-12 11:54:37.423  INFO 25750 --- [           main] org.apache.catalina.core.StandardEngine.log : Starting Servlet engine: [Apache Tomcat/10.1.34]
2025-01-12 11:54:37.445  INFO 25750 --- [           main] org.apache.catalina.core.ContainerBase.[Tomcat].[localhost].[/].log : Initializing Spring embedded WebApplicationContext
2025-01-12 11:54:37.445  INFO 25750 --- [           main] org.springframework.boot.web.servlet.context.ServletWebServerApplicationContext.prepareWebApplicationContext : Root WebApplicationContext: initialization completed in 481 ms
2025-01-12 11:54:37.514  INFO 25750 --- [           main] org.hibernate.jpa.internal.util.LogHelper.logPersistenceUnitInformation : HHH000204: Processing PersistenceUnitInfo [name: default]
2025-01-12 11:54:37.542  INFO 25750 --- [           main] org.hibernate.Version.logVersion : HHH000412: Hibernate ORM core version 6.6.4.Final
2025-01-12 11:54:37.556  INFO 25750 --- [           main] org.hibernate.cache.internal.RegionFactoryInitiator.initiateService : HHH000026: Second-level cache disabled
2025-01-12 11:54:37.660  INFO 25750 --- [           main] org.springframework.orm.jpa.persistenceunit.SpringPersistenceUnitInfo.addTransformer : No LoadTimeWeaver setup: ignoring JPA class transformer
2025-01-12 11:54:37.675  INFO 25750 --- [           main] com.zaxxer.hikari.HikariDataSource.getConnection : HikariPool-1 - Starting...
2025-01-12 11:54:37.863  INFO 25750 --- [           main] com.zaxxer.hikari.pool.HikariPool.checkFailFast : HikariPool-1 - Added connection com.mysql.cj.jdbc.ConnectionImpl@1a06602f
2025-01-12 11:54:37.863  INFO 25750 --- [           main] com.zaxxer.hikari.HikariDataSource.getConnection : HikariPool-1 - Start completed.
2025-01-12 11:54:37.910  INFO 25750 --- [           main] org.hibernate.orm.connections.pooling.initiateService : HHH10001005: Database info:
	Database JDBC URL [Connecting through datasource 'HikariDataSource (HikariPool-1)']
	Database driver: undefined/unknown
	Database version: 8.2
	Autocommit mode: undefined/unknown
	Isolation level: undefined/unknown
	Minimum pool size: undefined/unknown
	Maximum pool size: undefined/unknown
2025-01-12 11:54:38.037  INFO 25750 --- [           main] org.hibernate.engine.transaction.jta.platform.internal.JtaPlatformInitiator.initiateService : HHH000489: No JTA platform available (set 'hibernate.transaction.jta.platform' to enable JTA platform integration)
2025-01-12 11:54:38.038  INFO 25750 --- [           main] org.springframework.orm.jpa.LocalContainerEntityManagerFactoryBean.buildNativeEntityManagerFactory : Initialized JPA EntityManagerFactory for persistence unit 'default'
2025-01-12 11:54:38.058  WARN 25750 --- [           main] org.springframework.boot.autoconfigure.orm.jpa.JpaBaseConfiguration$JpaWebConfiguration.openEntityManagerInViewInterceptor : spring.jpa.open-in-view is enabled by default. Therefore, database queries may be performed during view rendering. Explicitly configure spring.jpa.open-in-view to disable this warning
2025-01-12 11:54:38.761  INFO 25750 --- [           main] org.apache.coyote.http11.Http11NioProtocol.log : Starting ProtocolHandler ["http-nio-8082"]
2025-01-12 11:54:38.766  INFO 25750 --- [           main] org.springframework.boot.web.embedded.tomcat.TomcatWebServer.start : Tomcat started on port 8082 (http) with context path '/'
2025-01-12 11:54:38.771  INFO 25750 --- [           main] me.sridharpatil.ecom.userservice.Userservice.logStarted : Started Userservice in 1.953 seconds (process running for 2.338)
2025-01-12 11:57:39.495  INFO 25750 --- [ionShutdownHook] org.springframework.boot.web.embedded.tomcat.GracefulShutdown.shutDownGracefully : Commencing graceful shutdown. Waiting for active requests to complete
2025-01-12 11:57:39.501  INFO 25750 --- [tomcat-shutdown] org.springframework.boot.web.embedded.tomcat.GracefulShutdown.doShutdown : Graceful shutdown complete
2025-01-12 11:57:39.506  INFO 25750 --- [ionShutdownHook] org.springframework.orm.jpa.LocalContainerEntityManagerFactoryBean.destroy : Closing JPA EntityManagerFactory for persistence unit 'default'
2025-01-12 11:57:39.507  INFO 25750 --- [ionShutdownHook] com.zaxxer.hikari.HikariDataSource.close : HikariPool-1 - Shutdown initiated...
2025-01-12 11:57:39.511  INFO 25750 --- [ionShutdownHook] com.zaxxer.hikari.HikariDataSource.close : HikariPool-1 - Shutdown completed.
