2025-01-26 17:52:36.863  INFO 3945 --- [kground-preinit] org.hibernate.validator.internal.util.Version.<clinit> : HV000001: Hibernate Validator 8.0.2.Final
2025-01-26 17:52:36.881  INFO 3945 --- [           main] me.sridharpatil.ecom.cartservice.CartserviceApplication.logStarting : Starting CartserviceApplication using Java 21.0.1 with PID 3945 (/Users/sridharpatil/Documents/Learning/ProjectModule/ecom/cartservice/target/classes started by sridharpatil in /Users/sridharpatil/Documents/Learning/ProjectModule/ecom/cartservice)
2025-01-26 17:52:36.882 DEBUG 3945 --- [           main] me.sridharpatil.ecom.cartservice.CartserviceApplication.logStarting : Running with Spring Boot v3.4.1, Spring v6.2.1
2025-01-26 17:52:36.883  INFO 3945 --- [           main] me.sridharpatil.ecom.cartservice.CartserviceApplication.logStartupProfileInfo : No active profile set, falling back to 1 default profile: "default"
2025-01-26 17:52:37.138  INFO 3945 --- [           main] org.springframework.data.repository.config.RepositoryConfigurationDelegate.multipleStoresDetected : Multiple Spring Data modules found, entering strict repository configuration mode
2025-01-26 17:52:37.138  INFO 3945 --- [           main] org.springframework.data.repository.config.RepositoryConfigurationDelegate.registerRepositoriesIn : Bootstrapping Spring Data JPA repositories in DEFAULT mode.
2025-01-26 17:52:37.210  INFO 3945 --- [           main] org.springframework.data.repository.config.RepositoryConfigurationDelegate.registerRepositoriesIn : Finished Spring Data repository scanning in 67 ms. Found 2 JPA repository interfaces.
2025-01-26 17:52:37.218  INFO 3945 --- [           main] org.springframework.data.repository.config.RepositoryConfigurationDelegate.multipleStoresDetected : Multiple Spring Data modules found, entering strict repository configuration mode
2025-01-26 17:52:37.219  INFO 3945 --- [           main] org.springframework.data.repository.config.RepositoryConfigurationDelegate.registerRepositoriesIn : Bootstrapping Spring Data Redis repositories in DEFAULT mode.
2025-01-26 17:52:37.226  INFO 3945 --- [           main] org.springframework.data.repository.config.RepositoryConfigurationExtensionSupport.isStrictRepositoryCandidate : Spring Data Redis - Could not safely identify store assignment for repository candidate interface me.sridharpatil.ecom.cartservice.repositories.CartItemRepository; If you want this repository to be a Redis repository, consider annotating your entities with one of these annotations: org.springframework.data.redis.core.RedisHash (preferred), or consider extending one of the following types with your repository: org.springframework.data.keyvalue.repository.KeyValueRepository
2025-01-26 17:52:37.226  INFO 3945 --- [           main] org.springframework.data.repository.config.RepositoryConfigurationExtensionSupport.isStrictRepositoryCandidate : Spring Data Redis - Could not safely identify store assignment for repository candidate interface me.sridharpatil.ecom.cartservice.repositories.CartRepository; If you want this repository to be a Redis repository, consider annotating your entities with one of these annotations: org.springframework.data.redis.core.RedisHash (preferred), or consider extending one of the following types with your repository: org.springframework.data.keyvalue.repository.KeyValueRepository
2025-01-26 17:52:37.226  INFO 3945 --- [           main] org.springframework.data.repository.config.RepositoryConfigurationDelegate.registerRepositoriesIn : Finished Spring Data repository scanning in 2 ms. Found 0 Redis repository interfaces.
2025-01-26 17:52:37.454  INFO 3945 --- [           main] org.springframework.boot.web.embedded.tomcat.TomcatWebServer.initialize : Tomcat initialized with port 8084 (http)
2025-01-26 17:52:37.460  INFO 3945 --- [           main] org.apache.coyote.http11.Http11NioProtocol.log : Initializing ProtocolHandler ["http-nio-8084"]
2025-01-26 17:52:37.460  INFO 3945 --- [           main] org.apache.catalina.core.StandardService.log : Starting service [Tomcat]
2025-01-26 17:52:37.460  INFO 3945 --- [           main] org.apache.catalina.core.StandardEngine.log : Starting Servlet engine: [Apache Tomcat/10.1.34]
2025-01-26 17:52:37.478  INFO 3945 --- [           main] org.apache.catalina.core.ContainerBase.[Tomcat].[localhost].[/].log : Initializing Spring embedded WebApplicationContext
2025-01-26 17:52:37.479  INFO 3945 --- [           main] org.springframework.boot.web.servlet.context.ServletWebServerApplicationContext.prepareWebApplicationContext : Root WebApplicationContext: initialization completed in 583 ms
2025-01-26 17:52:37.539  INFO 3945 --- [           main] org.hibernate.jpa.internal.util.LogHelper.logPersistenceUnitInformation : HHH000204: Processing PersistenceUnitInfo [name: default]
2025-01-26 17:52:37.559  INFO 3945 --- [           main] org.hibernate.Version.logVersion : HHH000412: Hibernate ORM core version 6.6.4.Final
2025-01-26 17:52:37.570  INFO 3945 --- [           main] org.hibernate.cache.internal.RegionFactoryInitiator.initiateService : HHH000026: Second-level cache disabled
2025-01-26 17:52:37.658  INFO 3945 --- [           main] org.springframework.orm.jpa.persistenceunit.SpringPersistenceUnitInfo.addTransformer : No LoadTimeWeaver setup: ignoring JPA class transformer
2025-01-26 17:52:37.671  INFO 3945 --- [           main] com.zaxxer.hikari.HikariDataSource.getConnection : HikariPool-1 - Starting...
2025-01-26 17:52:37.821  INFO 3945 --- [           main] com.zaxxer.hikari.pool.HikariPool.checkFailFast : HikariPool-1 - Added connection com.mysql.cj.jdbc.ConnectionImpl@3fd9e01c
2025-01-26 17:52:37.822  INFO 3945 --- [           main] com.zaxxer.hikari.HikariDataSource.getConnection : HikariPool-1 - Start completed.
2025-01-26 17:52:37.860  INFO 3945 --- [           main] org.hibernate.orm.connections.pooling.initiateService : HHH10001005: Database info:
	Database JDBC URL [Connecting through datasource 'HikariDataSource (HikariPool-1)']
	Database driver: undefined/unknown
	Database version: 8.0.32
	Autocommit mode: undefined/unknown
	Isolation level: undefined/unknown
	Minimum pool size: undefined/unknown
	Maximum pool size: undefined/unknown
2025-01-26 17:52:38.216  INFO 3945 --- [           main] org.hibernate.engine.transaction.jta.platform.internal.JtaPlatformInitiator.initiateService : HHH000489: No JTA platform available (set 'hibernate.transaction.jta.platform' to enable JTA platform integration)
2025-01-26 17:52:38.255  INFO 3945 --- [           main] org.springframework.orm.jpa.LocalContainerEntityManagerFactoryBean.buildNativeEntityManagerFactory : Initialized JPA EntityManagerFactory for persistence unit 'default'
2025-01-26 17:52:38.545  WARN 3945 --- [           main] org.springframework.boot.autoconfigure.orm.jpa.JpaBaseConfiguration$JpaWebConfiguration.openEntityManagerInViewInterceptor : spring.jpa.open-in-view is enabled by default. Therefore, database queries may be performed during view rendering. Explicitly configure spring.jpa.open-in-view to disable this warning
2025-01-26 17:52:38.723  INFO 3945 --- [           main] org.apache.coyote.http11.Http11NioProtocol.log : Starting ProtocolHandler ["http-nio-8084"]
2025-01-26 17:52:38.729  INFO 3945 --- [           main] org.springframework.boot.web.embedded.tomcat.TomcatWebServer.start : Tomcat started on port 8084 (http) with context path '/'
2025-01-26 17:52:38.733  INFO 3945 --- [           main] me.sridharpatil.ecom.cartservice.CartserviceApplication.logStarted : Started CartserviceApplication in 1.971 seconds (process running for 2.33)
2025-01-26 18:00:56.913  INFO 3945 --- [nio-8084-exec-2] org.apache.catalina.core.ContainerBase.[Tomcat].[localhost].[/].log : Initializing Spring DispatcherServlet 'dispatcherServlet'
2025-01-26 18:00:56.914  INFO 3945 --- [nio-8084-exec-2] org.springframework.web.servlet.DispatcherServlet.initServletBean : Initializing Servlet 'dispatcherServlet'
2025-01-26 18:00:56.917  INFO 3945 --- [nio-8084-exec-2] org.springframework.web.servlet.DispatcherServlet.initServletBean : Completed initialization in 3 ms
2025-01-26 18:00:56.943 DEBUG 3945 --- [nio-8084-exec-2] me.sridharpatil.ecom.cartservice.services.CartServiceImpl.getCart : Getting cart for user: 1
2025-01-26 18:00:56.944 DEBUG 3945 --- [nio-8084-exec-2] me.sridharpatil.ecom.cartservice.services.CartServiceImpl.getCart : Checking if cart exists in redis for user: 1
2025-01-26 18:00:57.200 ERROR 3945 --- [nio-8084-exec-2] me.sridharpatil.ecom.cartservice.controllers.exceptionhandlers.GlobalExceptionHandler.handleCartNotFoundException : Cart not found : CART_NOT_FOUND - Cart not found for user: 1
2025-01-26 18:01:05.593 DEBUG 3945 --- [nio-8084-exec-3] me.sridharpatil.ecom.cartservice.services.CartServiceImpl.getCart : Getting cart for user: 2
2025-01-26 18:01:05.593 DEBUG 3945 --- [nio-8084-exec-3] me.sridharpatil.ecom.cartservice.services.CartServiceImpl.getCart : Checking if cart exists in redis for user: 2
2025-01-26 18:01:05.604 ERROR 3945 --- [nio-8084-exec-3] me.sridharpatil.ecom.cartservice.controllers.exceptionhandlers.GlobalExceptionHandler.handleCartNotFoundException : Cart not found : CART_NOT_FOUND - Cart not found for user: 2
2025-01-26 18:01:12.078 DEBUG 3945 --- [nio-8084-exec-4] me.sridharpatil.ecom.cartservice.services.CartServiceImpl.getCart : Getting cart for user: 3
2025-01-26 18:01:12.079 DEBUG 3945 --- [nio-8084-exec-4] me.sridharpatil.ecom.cartservice.services.CartServiceImpl.getCart : Checking if cart exists in redis for user: 3
2025-01-26 18:01:12.088 ERROR 3945 --- [nio-8084-exec-4] me.sridharpatil.ecom.cartservice.controllers.exceptionhandlers.GlobalExceptionHandler.handleCartNotFoundException : Cart not found : CART_NOT_FOUND - Cart not found for user: 3
2025-01-26 18:01:38.980 DEBUG 3945 --- [nio-8084-exec-5] me.sridharpatil.ecom.cartservice.services.CartServiceImpl.getCart : Getting cart for user: 4
2025-01-26 18:01:38.982 DEBUG 3945 --- [nio-8084-exec-5] me.sridharpatil.ecom.cartservice.services.CartServiceImpl.getCart : Checking if cart exists in redis for user: 4
2025-01-26 18:01:39.019  INFO 3945 --- [nio-8084-exec-5] me.sridharpatil.ecom.cartservice.services.CartServiceImpl.getCart : Cart found for user: 4
2025-01-26 18:03:30.085 DEBUG 3945 --- [nio-8084-exec-8] me.sridharpatil.ecom.cartservice.services.CartServiceImpl.createCart : Checking if cart already exists in redis for user: 1
2025-01-26 18:03:30.101 DEBUG 3945 --- [nio-8084-exec-8] me.sridharpatil.ecom.cartservice.services.CartServiceImpl.createCart : Creating cart for user: 1
2025-01-26 18:03:30.102  INFO 3945 --- [nio-8084-exec-8] me.sridharpatil.ecom.cartservice.services.CartServiceImpl.createCart : Cart created for user: 1 and saving to database
2025-01-26 18:03:30.163 DEBUG 3945 --- [nio-8084-exec-8] me.sridharpatil.ecom.cartservice.services.CartServiceImpl.createCart : Saving cart to redis for user: 1
2025-01-26 18:04:53.988  INFO 3945 --- [ionShutdownHook] org.springframework.boot.web.embedded.tomcat.GracefulShutdown.shutDownGracefully : Commencing graceful shutdown. Waiting for active requests to complete
2025-01-26 18:04:53.991  INFO 3945 --- [tomcat-shutdown] org.springframework.boot.web.embedded.tomcat.GracefulShutdown.doShutdown : Graceful shutdown complete
2025-01-26 18:04:54.006  INFO 3945 --- [ionShutdownHook] org.springframework.orm.jpa.LocalContainerEntityManagerFactoryBean.destroy : Closing JPA EntityManagerFactory for persistence unit 'default'
2025-01-26 18:04:54.008  INFO 3945 --- [ionShutdownHook] com.zaxxer.hikari.HikariDataSource.close : HikariPool-1 - Shutdown initiated...
2025-01-26 18:04:54.018  INFO 3945 --- [ionShutdownHook] com.zaxxer.hikari.HikariDataSource.close : HikariPool-1 - Shutdown completed.
2025-01-26 18:04:56.167  INFO 4333 --- [kground-preinit] org.hibernate.validator.internal.util.Version.<clinit> : HV000001: Hibernate Validator 8.0.2.Final
2025-01-26 18:04:56.182  INFO 4333 --- [           main] me.sridharpatil.ecom.cartservice.CartserviceApplication.logStarting : Starting CartserviceApplication using Java 21.0.1 with PID 4333 (/Users/sridharpatil/Documents/Learning/ProjectModule/ecom/cartservice/target/classes started by sridharpatil in /Users/sridharpatil/Documents/Learning/ProjectModule/ecom/cartservice)
2025-01-26 18:04:56.183 DEBUG 4333 --- [           main] me.sridharpatil.ecom.cartservice.CartserviceApplication.logStarting : Running with Spring Boot v3.4.1, Spring v6.2.1
2025-01-26 18:04:56.184  INFO 4333 --- [           main] me.sridharpatil.ecom.cartservice.CartserviceApplication.logStartupProfileInfo : No active profile set, falling back to 1 default profile: "default"
2025-01-26 18:04:56.442  INFO 4333 --- [           main] org.springframework.data.repository.config.RepositoryConfigurationDelegate.multipleStoresDetected : Multiple Spring Data modules found, entering strict repository configuration mode
2025-01-26 18:04:56.442  INFO 4333 --- [           main] org.springframework.data.repository.config.RepositoryConfigurationDelegate.registerRepositoriesIn : Bootstrapping Spring Data JPA repositories in DEFAULT mode.
2025-01-26 18:04:56.506  INFO 4333 --- [           main] org.springframework.data.repository.config.RepositoryConfigurationDelegate.registerRepositoriesIn : Finished Spring Data repository scanning in 60 ms. Found 2 JPA repository interfaces.
2025-01-26 18:04:56.514  INFO 4333 --- [           main] org.springframework.data.repository.config.RepositoryConfigurationDelegate.multipleStoresDetected : Multiple Spring Data modules found, entering strict repository configuration mode
2025-01-26 18:04:56.515  INFO 4333 --- [           main] org.springframework.data.repository.config.RepositoryConfigurationDelegate.registerRepositoriesIn : Bootstrapping Spring Data Redis repositories in DEFAULT mode.
2025-01-26 18:04:56.520  INFO 4333 --- [           main] org.springframework.data.repository.config.RepositoryConfigurationExtensionSupport.isStrictRepositoryCandidate : Spring Data Redis - Could not safely identify store assignment for repository candidate interface me.sridharpatil.ecom.cartservice.repositories.CartItemRepository; If you want this repository to be a Redis repository, consider annotating your entities with one of these annotations: org.springframework.data.redis.core.RedisHash (preferred), or consider extending one of the following types with your repository: org.springframework.data.keyvalue.repository.KeyValueRepository
2025-01-26 18:04:56.521  INFO 4333 --- [           main] org.springframework.data.repository.config.RepositoryConfigurationExtensionSupport.isStrictRepositoryCandidate : Spring Data Redis - Could not safely identify store assignment for repository candidate interface me.sridharpatil.ecom.cartservice.repositories.CartRepository; If you want this repository to be a Redis repository, consider annotating your entities with one of these annotations: org.springframework.data.redis.core.RedisHash (preferred), or consider extending one of the following types with your repository: org.springframework.data.keyvalue.repository.KeyValueRepository
2025-01-26 18:04:56.521  INFO 4333 --- [           main] org.springframework.data.repository.config.RepositoryConfigurationDelegate.registerRepositoriesIn : Finished Spring Data repository scanning in 2 ms. Found 0 Redis repository interfaces.
2025-01-26 18:04:56.742  INFO 4333 --- [           main] org.springframework.boot.web.embedded.tomcat.TomcatWebServer.initialize : Tomcat initialized with port 8084 (http)
2025-01-26 18:04:56.749  INFO 4333 --- [           main] org.apache.coyote.http11.Http11NioProtocol.log : Initializing ProtocolHandler ["http-nio-8084"]
2025-01-26 18:04:56.750  INFO 4333 --- [           main] org.apache.catalina.core.StandardService.log : Starting service [Tomcat]
2025-01-26 18:04:56.750  INFO 4333 --- [           main] org.apache.catalina.core.StandardEngine.log : Starting Servlet engine: [Apache Tomcat/10.1.34]
2025-01-26 18:04:56.772  INFO 4333 --- [           main] org.apache.catalina.core.ContainerBase.[Tomcat].[localhost].[/].log : Initializing Spring embedded WebApplicationContext
2025-01-26 18:04:56.773  INFO 4333 --- [           main] org.springframework.boot.web.servlet.context.ServletWebServerApplicationContext.prepareWebApplicationContext : Root WebApplicationContext: initialization completed in 576 ms
2025-01-26 18:04:56.838  INFO 4333 --- [           main] org.hibernate.jpa.internal.util.LogHelper.logPersistenceUnitInformation : HHH000204: Processing PersistenceUnitInfo [name: default]
2025-01-26 18:04:56.858  INFO 4333 --- [           main] org.hibernate.Version.logVersion : HHH000412: Hibernate ORM core version 6.6.4.Final
2025-01-26 18:04:56.870  INFO 4333 --- [           main] org.hibernate.cache.internal.RegionFactoryInitiator.initiateService : HHH000026: Second-level cache disabled
2025-01-26 18:04:56.960  INFO 4333 --- [           main] org.springframework.orm.jpa.persistenceunit.SpringPersistenceUnitInfo.addTransformer : No LoadTimeWeaver setup: ignoring JPA class transformer
2025-01-26 18:04:56.973  INFO 4333 --- [           main] com.zaxxer.hikari.HikariDataSource.getConnection : HikariPool-1 - Starting...
2025-01-26 18:04:57.123  INFO 4333 --- [           main] com.zaxxer.hikari.pool.HikariPool.checkFailFast : HikariPool-1 - Added connection com.mysql.cj.jdbc.ConnectionImpl@519b0f00
2025-01-26 18:04:57.124  INFO 4333 --- [           main] com.zaxxer.hikari.HikariDataSource.getConnection : HikariPool-1 - Start completed.
2025-01-26 18:04:57.163  INFO 4333 --- [           main] org.hibernate.orm.connections.pooling.initiateService : HHH10001005: Database info:
	Database JDBC URL [Connecting through datasource 'HikariDataSource (HikariPool-1)']
	Database driver: undefined/unknown
	Database version: 8.0.32
	Autocommit mode: undefined/unknown
	Isolation level: undefined/unknown
	Minimum pool size: undefined/unknown
	Maximum pool size: undefined/unknown
2025-01-26 18:04:57.515  INFO 4333 --- [           main] org.hibernate.engine.transaction.jta.platform.internal.JtaPlatformInitiator.initiateService : HHH000489: No JTA platform available (set 'hibernate.transaction.jta.platform' to enable JTA platform integration)
2025-01-26 18:04:57.556  INFO 4333 --- [           main] org.springframework.orm.jpa.LocalContainerEntityManagerFactoryBean.buildNativeEntityManagerFactory : Initialized JPA EntityManagerFactory for persistence unit 'default'
2025-01-26 18:04:57.841  WARN 4333 --- [           main] org.springframework.boot.autoconfigure.orm.jpa.JpaBaseConfiguration$JpaWebConfiguration.openEntityManagerInViewInterceptor : spring.jpa.open-in-view is enabled by default. Therefore, database queries may be performed during view rendering. Explicitly configure spring.jpa.open-in-view to disable this warning
2025-01-26 18:04:58.008  INFO 4333 --- [           main] org.apache.coyote.http11.Http11NioProtocol.log : Starting ProtocolHandler ["http-nio-8084"]
2025-01-26 18:04:58.016  INFO 4333 --- [           main] org.springframework.boot.web.embedded.tomcat.TomcatWebServer.start : Tomcat started on port 8084 (http) with context path '/'
2025-01-26 18:04:58.020  INFO 4333 --- [           main] me.sridharpatil.ecom.cartservice.CartserviceApplication.logStarted : Started CartserviceApplication in 1.953 seconds (process running for 2.313)
2025-01-26 18:05:06.779  INFO 4333 --- [nio-8084-exec-1] org.apache.catalina.core.ContainerBase.[Tomcat].[localhost].[/].log : Initializing Spring DispatcherServlet 'dispatcherServlet'
2025-01-26 18:05:06.779  INFO 4333 --- [nio-8084-exec-1] org.springframework.web.servlet.DispatcherServlet.initServletBean : Initializing Servlet 'dispatcherServlet'
2025-01-26 18:05:06.780  INFO 4333 --- [nio-8084-exec-1] org.springframework.web.servlet.DispatcherServlet.initServletBean : Completed initialization in 1 ms
2025-01-26 18:05:06.805 DEBUG 4333 --- [nio-8084-exec-1] me.sridharpatil.ecom.cartservice.services.CartServiceImpl.createCart : Checking if cart already exists in redis for user: 2
2025-01-26 18:05:07.046 DEBUG 4333 --- [nio-8084-exec-1] me.sridharpatil.ecom.cartservice.services.CartServiceImpl.createCart : Creating cart for user: 2
2025-01-26 18:05:07.046  INFO 4333 --- [nio-8084-exec-1] me.sridharpatil.ecom.cartservice.services.CartServiceImpl.createCart : Cart created for user: 2 and saving to database
2025-01-26 18:05:07.077 DEBUG 4333 --- [nio-8084-exec-1] me.sridharpatil.ecom.cartservice.services.CartServiceImpl.createCart : Saving cart to redis for user: 2
2025-01-26 18:05:15.953 DEBUG 4333 --- [nio-8084-exec-3] me.sridharpatil.ecom.cartservice.services.CartServiceImpl.createCart : Checking if cart already exists in redis for user: 1
2025-01-26 18:05:15.959 ERROR 4333 --- [nio-8084-exec-3] me.sridharpatil.ecom.cartservice.services.CartServiceImpl.createCart : Cart already exists in redis for user: 1, skipping cart creation
2025-01-26 18:05:52.855 DEBUG 4333 --- [nio-8084-exec-4] me.sridharpatil.ecom.cartservice.services.CartServiceImpl.createCart : Checking if cart already exists in redis for user: 2
2025-01-26 18:05:52.857 ERROR 4333 --- [nio-8084-exec-4] me.sridharpatil.ecom.cartservice.services.CartServiceImpl.createCart : Cart already exists in redis for user: 2, skipping cart creation
2025-01-26 18:06:01.599 DEBUG 4333 --- [nio-8084-exec-5] me.sridharpatil.ecom.cartservice.services.CartServiceImpl.createCart : Checking if cart already exists in redis for user: 4
2025-01-26 18:06:01.624 ERROR 4333 --- [nio-8084-exec-5] me.sridharpatil.ecom.cartservice.services.CartServiceImpl.createCart : Cart already exists for user: 4, skipping cart creation
2025-01-26 18:06:08.898 DEBUG 4333 --- [nio-8084-exec-6] me.sridharpatil.ecom.cartservice.services.CartServiceImpl.getCart : Getting cart for user: 4
2025-01-26 18:06:08.899 DEBUG 4333 --- [nio-8084-exec-6] me.sridharpatil.ecom.cartservice.services.CartServiceImpl.getCart : Checking if cart exists in redis for user: 4
2025-01-26 18:06:08.908  INFO 4333 --- [nio-8084-exec-6] me.sridharpatil.ecom.cartservice.services.CartServiceImpl.getCart : Cart found for user: 4
2025-01-26 18:07:04.805 DEBUG 4333 --- [nio-8084-exec-7] me.sridharpatil.ecom.cartservice.services.CartServiceImpl.createCart : Checking if cart already exists in redis for user: 25
2025-01-26 18:07:04.816 DEBUG 4333 --- [nio-8084-exec-7] me.sridharpatil.ecom.cartservice.services.CartServiceImpl.createCart : Creating cart for user: 25
2025-01-26 18:07:04.816  INFO 4333 --- [nio-8084-exec-7] me.sridharpatil.ecom.cartservice.services.CartServiceImpl.createCart : Cart created for user: 25 and saving to database
2025-01-26 18:07:04.827 DEBUG 4333 --- [nio-8084-exec-7] me.sridharpatil.ecom.cartservice.services.CartServiceImpl.createCart : Saving cart to redis for user: 25
2025-01-26 18:07:12.776 DEBUG 4333 --- [nio-8084-exec-8] me.sridharpatil.ecom.cartservice.services.CartServiceImpl.getCart : Getting cart for user: 25
2025-01-26 18:07:12.777 DEBUG 4333 --- [nio-8084-exec-8] me.sridharpatil.ecom.cartservice.services.CartServiceImpl.getCart : Checking if cart exists in redis for user: 25
2025-01-26 18:07:12.780  INFO 4333 --- [nio-8084-exec-8] me.sridharpatil.ecom.cartservice.services.CartServiceImpl.getCart : Cart found in redis for user: 25
2025-01-26 18:08:42.351 DEBUG 4333 --- [io-8084-exec-10] me.sridharpatil.ecom.cartservice.services.CartServiceImpl.addItemToCart : Checking if product already exists in cart for user: 25, product: 1
2025-01-26 18:08:42.363 DEBUG 4333 --- [io-8084-exec-10] me.sridharpatil.ecom.cartservice.services.CartServiceImpl.addItemToCart : Adding item to cart for user: 25, product: 1, price: 845.12, quantity: 3
2025-01-26 18:08:42.378 DEBUG 4333 --- [io-8084-exec-10] me.sridharpatil.ecom.cartservice.services.CartServiceImpl.addItemToCart : Saving cart item to redis for user: 25, product: 1
2025-01-26 18:08:42.384  INFO 4333 --- [io-8084-exec-10] me.sridharpatil.ecom.cartservice.services.CartServiceImpl.addItemToCart : Adding item to cart for user: 25, product: 1
2025-01-26 18:08:42.404 DEBUG 4333 --- [io-8084-exec-10] me.sridharpatil.ecom.cartservice.services.CartServiceImpl.addItemToCart : Saving cart to redis for user: 25
2025-01-26 18:08:52.522 DEBUG 4333 --- [nio-8084-exec-1] me.sridharpatil.ecom.cartservice.services.CartServiceImpl.addItemToCart : Checking if product already exists in cart for user: 25, product: 2
2025-01-26 18:08:52.535 DEBUG 4333 --- [nio-8084-exec-1] me.sridharpatil.ecom.cartservice.services.CartServiceImpl.addItemToCart : Adding item to cart for user: 25, product: 2, price: 845.12, quantity: 1
2025-01-26 18:08:52.548 DEBUG 4333 --- [nio-8084-exec-1] me.sridharpatil.ecom.cartservice.services.CartServiceImpl.addItemToCart : Saving cart item to redis for user: 25, product: 2
2025-01-26 18:08:52.551  INFO 4333 --- [nio-8084-exec-1] me.sridharpatil.ecom.cartservice.services.CartServiceImpl.addItemToCart : Adding item to cart for user: 25, product: 2
2025-01-26 18:08:52.563 DEBUG 4333 --- [nio-8084-exec-1] me.sridharpatil.ecom.cartservice.services.CartServiceImpl.addItemToCart : Saving cart to redis for user: 25
2025-01-26 18:09:03.083 DEBUG 4333 --- [nio-8084-exec-3] me.sridharpatil.ecom.cartservice.services.CartServiceImpl.addItemToCart : Checking if product already exists in cart for user: 25, product: 3
2025-01-26 18:09:03.094 DEBUG 4333 --- [nio-8084-exec-3] me.sridharpatil.ecom.cartservice.services.CartServiceImpl.addItemToCart : Adding item to cart for user: 25, product: 3, price: 845.12, quantity: 9
2025-01-26 18:09:03.102 DEBUG 4333 --- [nio-8084-exec-3] me.sridharpatil.ecom.cartservice.services.CartServiceImpl.addItemToCart : Saving cart item to redis for user: 25, product: 3
2025-01-26 18:09:03.104  INFO 4333 --- [nio-8084-exec-3] me.sridharpatil.ecom.cartservice.services.CartServiceImpl.addItemToCart : Adding item to cart for user: 25, product: 3
2025-01-26 18:09:03.114 DEBUG 4333 --- [nio-8084-exec-3] me.sridharpatil.ecom.cartservice.services.CartServiceImpl.addItemToCart : Saving cart to redis for user: 25
2025-01-26 18:09:14.759 DEBUG 4333 --- [nio-8084-exec-4] me.sridharpatil.ecom.cartservice.services.CartServiceImpl.getCart : Getting cart for user: 25
2025-01-26 18:09:14.760 DEBUG 4333 --- [nio-8084-exec-4] me.sridharpatil.ecom.cartservice.services.CartServiceImpl.getCart : Checking if cart exists in redis for user: 25
2025-01-26 18:09:14.764  INFO 4333 --- [nio-8084-exec-4] me.sridharpatil.ecom.cartservice.services.CartServiceImpl.getCart : Cart found in redis for user: 25
2025-01-26 18:10:29.732 DEBUG 4333 --- [nio-8084-exec-7] me.sridharpatil.ecom.cartservice.services.CartServiceImpl.getCart : Getting cart for user: 25
2025-01-26 18:10:29.734 DEBUG 4333 --- [nio-8084-exec-7] me.sridharpatil.ecom.cartservice.services.CartServiceImpl.getCart : Checking if cart exists in redis for user: 25
2025-01-26 18:10:29.737  INFO 4333 --- [nio-8084-exec-7] me.sridharpatil.ecom.cartservice.services.CartServiceImpl.getCart : Cart found in redis for user: 25
2025-01-26 18:13:43.931 DEBUG 4333 --- [nio-8084-exec-2] me.sridharpatil.ecom.cartservice.services.CartServiceImpl.checkout : Checking out cart for user: 25
2025-01-26 18:13:43.956 DEBUG 4333 --- [nio-8084-exec-2] me.sridharpatil.ecom.cartservice.services.CartServiceImpl.checkout : Updating total price for cart for user: 25
2025-01-26 18:13:43.965  INFO 4333 --- [nio-8084-exec-2] me.sridharpatil.ecom.cartservice.services.CartServiceImpl.checkout : Producing message to kafka topic: cart-service.checkout
2025-01-26 18:13:44.016  INFO 4333 --- [nio-8084-exec-2] org.apache.kafka.clients.producer.ProducerConfig.logAll : ProducerConfig values: 
	acks = -1
	auto.include.jmx.reporter = true
	batch.size = 16384
	bootstrap.servers = [localhost:9092]
	buffer.memory = 33554432
	client.dns.lookup = use_all_dns_ips
	client.id = cartservice-producer-1
	compression.gzip.level = -1
	compression.lz4.level = 9
	compression.type = none
	compression.zstd.level = 3
	connections.max.idle.ms = 540000
	delivery.timeout.ms = 120000
	enable.idempotence = true
	enable.metrics.push = true
	interceptor.classes = []
	key.serializer = class org.apache.kafka.common.serialization.StringSerializer
	linger.ms = 0
	max.block.ms = 60000
	max.in.flight.requests.per.connection = 5
	max.request.size = 1048576
	metadata.max.age.ms = 300000
	metadata.max.idle.ms = 300000
	metadata.recovery.strategy = none
	metric.reporters = []
	metrics.num.samples = 2
	metrics.recording.level = INFO
	metrics.sample.window.ms = 30000
	partitioner.adaptive.partitioning.enable = true
	partitioner.availability.timeout.ms = 0
	partitioner.class = null
	partitioner.ignore.keys = false
	receive.buffer.bytes = 32768
	reconnect.backoff.max.ms = 1000
	reconnect.backoff.ms = 50
	request.timeout.ms = 30000
	retries = 2147483647
	retry.backoff.max.ms = 1000
	retry.backoff.ms = 100
	sasl.client.callback.handler.class = null
	sasl.jaas.config = null
	sasl.kerberos.kinit.cmd = /usr/bin/kinit
	sasl.kerberos.min.time.before.relogin = 60000
	sasl.kerberos.service.name = null
	sasl.kerberos.ticket.renew.jitter = 0.05
	sasl.kerberos.ticket.renew.window.factor = 0.8
	sasl.login.callback.handler.class = null
	sasl.login.class = null
	sasl.login.connect.timeout.ms = null
	sasl.login.read.timeout.ms = null
	sasl.login.refresh.buffer.seconds = 300
	sasl.login.refresh.min.period.seconds = 60
	sasl.login.refresh.window.factor = 0.8
	sasl.login.refresh.window.jitter = 0.05
	sasl.login.retry.backoff.max.ms = 10000
	sasl.login.retry.backoff.ms = 100
	sasl.mechanism = GSSAPI
	sasl.oauthbearer.clock.skew.seconds = 30
	sasl.oauthbearer.expected.audience = null
	sasl.oauthbearer.expected.issuer = null
	sasl.oauthbearer.jwks.endpoint.refresh.ms = 3600000
	sasl.oauthbearer.jwks.endpoint.retry.backoff.max.ms = 10000
	sasl.oauthbearer.jwks.endpoint.retry.backoff.ms = 100
	sasl.oauthbearer.jwks.endpoint.url = null
	sasl.oauthbearer.scope.claim.name = scope
	sasl.oauthbearer.sub.claim.name = sub
	sasl.oauthbearer.token.endpoint.url = null
	security.protocol = PLAINTEXT
	security.providers = null
	send.buffer.bytes = 131072
	socket.connection.setup.timeout.max.ms = 30000
	socket.connection.setup.timeout.ms = 10000
	ssl.cipher.suites = null
	ssl.enabled.protocols = [TLSv1.2, TLSv1.3]
	ssl.endpoint.identification.algorithm = https
	ssl.engine.factory.class = null
	ssl.key.password = null
	ssl.keymanager.algorithm = SunX509
	ssl.keystore.certificate.chain = null
	ssl.keystore.key = null
	ssl.keystore.location = null
	ssl.keystore.password = null
	ssl.keystore.type = JKS
	ssl.protocol = TLSv1.3
	ssl.provider = null
	ssl.secure.random.implementation = null
	ssl.trustmanager.algorithm = PKIX
	ssl.truststore.certificates = null
	ssl.truststore.location = null
	ssl.truststore.password = null
	ssl.truststore.type = JKS
	transaction.timeout.ms = 60000
	transactional.id = null
	value.serializer = class org.apache.kafka.common.serialization.StringSerializer

2025-01-26 18:13:44.036  INFO 4333 --- [nio-8084-exec-2] org.apache.kafka.common.telemetry.internals.KafkaMetricsCollector.init : initializing Kafka metrics collector
2025-01-26 18:13:44.044  INFO 4333 --- [nio-8084-exec-2] org.apache.kafka.clients.producer.KafkaProducer.configureTransactionState : [Producer clientId=cartservice-producer-1] Instantiated an idempotent producer.
2025-01-26 18:13:44.065  INFO 4333 --- [nio-8084-exec-2] org.apache.kafka.common.utils.AppInfoParser.<init> : Kafka version: 3.8.1
2025-01-26 18:13:44.065  INFO 4333 --- [nio-8084-exec-2] org.apache.kafka.common.utils.AppInfoParser.<init> : Kafka commitId: 70d6ff42debf7e17
2025-01-26 18:13:44.065  INFO 4333 --- [nio-8084-exec-2] org.apache.kafka.common.utils.AppInfoParser.<init> : Kafka startTimeMs: 1737895424064
2025-01-26 18:13:44.238  INFO 4333 --- [vice-producer-1] org.apache.kafka.clients.Metadata.update : [Producer clientId=cartservice-producer-1] Cluster ID: 5L6g3nShT-eMCtK--X86sw
2025-01-26 18:13:44.241 ERROR 4333 --- [nio-8084-exec-2] me.sridharpatil.ecom.cartservice.controllers.exceptionhandlers.GlobalExceptionHandler.handleException : Unknown error : UNKNOWN_ERROR - Can't convert key of class java.lang.Long to class org.apache.kafka.common.serialization.StringSerializer specified in key.serializer
2025-01-26 18:13:44.348  INFO 4333 --- [vice-producer-1] org.apache.kafka.clients.producer.internals.TransactionManager.setProducerIdAndEpoch : [Producer clientId=cartservice-producer-1] ProducerId set to 4000 with epoch 0
2025-01-26 18:18:02.785  INFO 4333 --- [ionShutdownHook] org.springframework.boot.web.embedded.tomcat.GracefulShutdown.shutDownGracefully : Commencing graceful shutdown. Waiting for active requests to complete
2025-01-26 18:18:02.791  INFO 4333 --- [tomcat-shutdown] org.springframework.boot.web.embedded.tomcat.GracefulShutdown.doShutdown : Graceful shutdown complete
2025-01-26 18:18:02.802  INFO 4333 --- [ionShutdownHook] org.apache.kafka.clients.producer.KafkaProducer.close : [Producer clientId=cartservice-producer-1] Closing the Kafka producer with timeoutMillis = 30000 ms.
2025-01-26 18:18:02.806  INFO 4333 --- [ionShutdownHook] org.apache.kafka.common.metrics.Metrics.close : Metrics scheduler closed
2025-01-26 18:18:02.806  INFO 4333 --- [ionShutdownHook] org.apache.kafka.common.metrics.Metrics.close : Closing reporter org.apache.kafka.common.metrics.JmxReporter
2025-01-26 18:18:02.806  INFO 4333 --- [ionShutdownHook] org.apache.kafka.common.metrics.Metrics.close : Closing reporter org.apache.kafka.common.telemetry.internals.ClientTelemetryReporter
2025-01-26 18:18:02.806  INFO 4333 --- [ionShutdownHook] org.apache.kafka.common.metrics.Metrics.close : Metrics reporters closed
2025-01-26 18:18:02.806  INFO 4333 --- [ionShutdownHook] org.apache.kafka.common.utils.AppInfoParser.unregisterAppInfo : App info kafka.producer for cartservice-producer-1 unregistered
2025-01-26 18:18:02.810  INFO 4333 --- [ionShutdownHook] org.springframework.orm.jpa.LocalContainerEntityManagerFactoryBean.destroy : Closing JPA EntityManagerFactory for persistence unit 'default'
2025-01-26 18:18:02.812  INFO 4333 --- [ionShutdownHook] com.zaxxer.hikari.HikariDataSource.close : HikariPool-1 - Shutdown initiated...
2025-01-26 18:18:02.827  INFO 4333 --- [ionShutdownHook] com.zaxxer.hikari.HikariDataSource.close : HikariPool-1 - Shutdown completed.
2025-01-26 18:18:04.640  INFO 4660 --- [kground-preinit] org.hibernate.validator.internal.util.Version.<clinit> : HV000001: Hibernate Validator 8.0.2.Final
2025-01-26 18:18:04.657  INFO 4660 --- [           main] me.sridharpatil.ecom.cartservice.CartserviceApplication.logStarting : Starting CartserviceApplication using Java 21.0.1 with PID 4660 (/Users/sridharpatil/Documents/Learning/ProjectModule/ecom/cartservice/target/classes started by sridharpatil in /Users/sridharpatil/Documents/Learning/ProjectModule/ecom/cartservice)
2025-01-26 18:18:04.658 DEBUG 4660 --- [           main] me.sridharpatil.ecom.cartservice.CartserviceApplication.logStarting : Running with Spring Boot v3.4.1, Spring v6.2.1
2025-01-26 18:18:04.658  INFO 4660 --- [           main] me.sridharpatil.ecom.cartservice.CartserviceApplication.logStartupProfileInfo : No active profile set, falling back to 1 default profile: "default"
2025-01-26 18:18:04.922  INFO 4660 --- [           main] org.springframework.data.repository.config.RepositoryConfigurationDelegate.multipleStoresDetected : Multiple Spring Data modules found, entering strict repository configuration mode
2025-01-26 18:18:04.922  INFO 4660 --- [           main] org.springframework.data.repository.config.RepositoryConfigurationDelegate.registerRepositoriesIn : Bootstrapping Spring Data JPA repositories in DEFAULT mode.
2025-01-26 18:18:04.992  INFO 4660 --- [           main] org.springframework.data.repository.config.RepositoryConfigurationDelegate.registerRepositoriesIn : Finished Spring Data repository scanning in 65 ms. Found 2 JPA repository interfaces.
2025-01-26 18:18:05.000  INFO 4660 --- [           main] org.springframework.data.repository.config.RepositoryConfigurationDelegate.multipleStoresDetected : Multiple Spring Data modules found, entering strict repository configuration mode
2025-01-26 18:18:05.000  INFO 4660 --- [           main] org.springframework.data.repository.config.RepositoryConfigurationDelegate.registerRepositoriesIn : Bootstrapping Spring Data Redis repositories in DEFAULT mode.
2025-01-26 18:18:05.006  INFO 4660 --- [           main] org.springframework.data.repository.config.RepositoryConfigurationExtensionSupport.isStrictRepositoryCandidate : Spring Data Redis - Could not safely identify store assignment for repository candidate interface me.sridharpatil.ecom.cartservice.repositories.CartItemRepository; If you want this repository to be a Redis repository, consider annotating your entities with one of these annotations: org.springframework.data.redis.core.RedisHash (preferred), or consider extending one of the following types with your repository: org.springframework.data.keyvalue.repository.KeyValueRepository
2025-01-26 18:18:05.007  INFO 4660 --- [           main] org.springframework.data.repository.config.RepositoryConfigurationExtensionSupport.isStrictRepositoryCandidate : Spring Data Redis - Could not safely identify store assignment for repository candidate interface me.sridharpatil.ecom.cartservice.repositories.CartRepository; If you want this repository to be a Redis repository, consider annotating your entities with one of these annotations: org.springframework.data.redis.core.RedisHash (preferred), or consider extending one of the following types with your repository: org.springframework.data.keyvalue.repository.KeyValueRepository
2025-01-26 18:18:05.007  INFO 4660 --- [           main] org.springframework.data.repository.config.RepositoryConfigurationDelegate.registerRepositoriesIn : Finished Spring Data repository scanning in 2 ms. Found 0 Redis repository interfaces.
2025-01-26 18:18:05.230  INFO 4660 --- [           main] org.springframework.boot.web.embedded.tomcat.TomcatWebServer.initialize : Tomcat initialized with port 8084 (http)
2025-01-26 18:18:05.236  INFO 4660 --- [           main] org.apache.coyote.http11.Http11NioProtocol.log : Initializing ProtocolHandler ["http-nio-8084"]
2025-01-26 18:18:05.237  INFO 4660 --- [           main] org.apache.catalina.core.StandardService.log : Starting service [Tomcat]
2025-01-26 18:18:05.237  INFO 4660 --- [           main] org.apache.catalina.core.StandardEngine.log : Starting Servlet engine: [Apache Tomcat/10.1.34]
2025-01-26 18:18:05.257  INFO 4660 --- [           main] org.apache.catalina.core.ContainerBase.[Tomcat].[localhost].[/].log : Initializing Spring embedded WebApplicationContext
2025-01-26 18:18:05.258  INFO 4660 --- [           main] org.springframework.boot.web.servlet.context.ServletWebServerApplicationContext.prepareWebApplicationContext : Root WebApplicationContext: initialization completed in 586 ms
2025-01-26 18:18:05.320  INFO 4660 --- [           main] org.hibernate.jpa.internal.util.LogHelper.logPersistenceUnitInformation : HHH000204: Processing PersistenceUnitInfo [name: default]
2025-01-26 18:18:05.342  INFO 4660 --- [           main] org.hibernate.Version.logVersion : HHH000412: Hibernate ORM core version 6.6.4.Final
2025-01-26 18:18:05.353  INFO 4660 --- [           main] org.hibernate.cache.internal.RegionFactoryInitiator.initiateService : HHH000026: Second-level cache disabled
2025-01-26 18:18:05.445  INFO 4660 --- [           main] org.springframework.orm.jpa.persistenceunit.SpringPersistenceUnitInfo.addTransformer : No LoadTimeWeaver setup: ignoring JPA class transformer
2025-01-26 18:18:05.458  INFO 4660 --- [           main] com.zaxxer.hikari.HikariDataSource.getConnection : HikariPool-1 - Starting...
2025-01-26 18:18:05.613  INFO 4660 --- [           main] com.zaxxer.hikari.pool.HikariPool.checkFailFast : HikariPool-1 - Added connection com.mysql.cj.jdbc.ConnectionImpl@47c5cbf2
2025-01-26 18:18:05.614  INFO 4660 --- [           main] com.zaxxer.hikari.HikariDataSource.getConnection : HikariPool-1 - Start completed.
2025-01-26 18:18:05.652  INFO 4660 --- [           main] org.hibernate.orm.connections.pooling.initiateService : HHH10001005: Database info:
	Database JDBC URL [Connecting through datasource 'HikariDataSource (HikariPool-1)']
	Database driver: undefined/unknown
	Database version: 8.0.32
	Autocommit mode: undefined/unknown
	Isolation level: undefined/unknown
	Minimum pool size: undefined/unknown
	Maximum pool size: undefined/unknown
2025-01-26 18:18:06.001  INFO 4660 --- [           main] org.hibernate.engine.transaction.jta.platform.internal.JtaPlatformInitiator.initiateService : HHH000489: No JTA platform available (set 'hibernate.transaction.jta.platform' to enable JTA platform integration)
2025-01-26 18:18:06.049  INFO 4660 --- [           main] org.springframework.orm.jpa.LocalContainerEntityManagerFactoryBean.buildNativeEntityManagerFactory : Initialized JPA EntityManagerFactory for persistence unit 'default'
2025-01-26 18:18:06.333  WARN 4660 --- [           main] org.springframework.boot.autoconfigure.orm.jpa.JpaBaseConfiguration$JpaWebConfiguration.openEntityManagerInViewInterceptor : spring.jpa.open-in-view is enabled by default. Therefore, database queries may be performed during view rendering. Explicitly configure spring.jpa.open-in-view to disable this warning
2025-01-26 18:18:06.511  INFO 4660 --- [           main] org.apache.coyote.http11.Http11NioProtocol.log : Starting ProtocolHandler ["http-nio-8084"]
2025-01-26 18:18:06.516  INFO 4660 --- [           main] org.springframework.boot.web.embedded.tomcat.TomcatWebServer.start : Tomcat started on port 8084 (http) with context path '/'
2025-01-26 18:18:06.521  INFO 4660 --- [           main] me.sridharpatil.ecom.cartservice.CartserviceApplication.logStarted : Started CartserviceApplication in 1.983 seconds (process running for 2.35)
2025-01-26 18:18:14.127  INFO 4660 --- [nio-8084-exec-2] org.apache.catalina.core.ContainerBase.[Tomcat].[localhost].[/].log : Initializing Spring DispatcherServlet 'dispatcherServlet'
2025-01-26 18:18:14.127  INFO 4660 --- [nio-8084-exec-2] org.springframework.web.servlet.DispatcherServlet.initServletBean : Initializing Servlet 'dispatcherServlet'
2025-01-26 18:18:14.128  INFO 4660 --- [nio-8084-exec-2] org.springframework.web.servlet.DispatcherServlet.initServletBean : Completed initialization in 1 ms
2025-01-26 18:18:14.151 DEBUG 4660 --- [nio-8084-exec-2] me.sridharpatil.ecom.cartservice.services.CartServiceImpl.checkout : Checking out cart for user: 25
2025-01-26 18:18:14.222 DEBUG 4660 --- [nio-8084-exec-2] me.sridharpatil.ecom.cartservice.services.CartServiceImpl.checkout : Updating total price for cart for user: 25
2025-01-26 18:18:14.243  INFO 4660 --- [nio-8084-exec-2] me.sridharpatil.ecom.cartservice.services.CartServiceImpl.checkout : Producing message to kafka topic: cart-service.checkout
2025-01-26 18:18:14.281  INFO 4660 --- [nio-8084-exec-2] org.apache.kafka.clients.producer.ProducerConfig.logAll : ProducerConfig values: 
	acks = -1
	auto.include.jmx.reporter = true
	batch.size = 16384
	bootstrap.servers = [localhost:9092]
	buffer.memory = 33554432
	client.dns.lookup = use_all_dns_ips
	client.id = cartservice-producer-1
	compression.gzip.level = -1
	compression.lz4.level = 9
	compression.type = none
	compression.zstd.level = 3
	connections.max.idle.ms = 540000
	delivery.timeout.ms = 120000
	enable.idempotence = true
	enable.metrics.push = true
	interceptor.classes = []
	key.serializer = class org.apache.kafka.common.serialization.StringSerializer
	linger.ms = 0
	max.block.ms = 60000
	max.in.flight.requests.per.connection = 5
	max.request.size = 1048576
	metadata.max.age.ms = 300000
	metadata.max.idle.ms = 300000
	metadata.recovery.strategy = none
	metric.reporters = []
	metrics.num.samples = 2
	metrics.recording.level = INFO
	metrics.sample.window.ms = 30000
	partitioner.adaptive.partitioning.enable = true
	partitioner.availability.timeout.ms = 0
	partitioner.class = null
	partitioner.ignore.keys = false
	receive.buffer.bytes = 32768
	reconnect.backoff.max.ms = 1000
	reconnect.backoff.ms = 50
	request.timeout.ms = 30000
	retries = 2147483647
	retry.backoff.max.ms = 1000
	retry.backoff.ms = 100
	sasl.client.callback.handler.class = null
	sasl.jaas.config = null
	sasl.kerberos.kinit.cmd = /usr/bin/kinit
	sasl.kerberos.min.time.before.relogin = 60000
	sasl.kerberos.service.name = null
	sasl.kerberos.ticket.renew.jitter = 0.05
	sasl.kerberos.ticket.renew.window.factor = 0.8
	sasl.login.callback.handler.class = null
	sasl.login.class = null
	sasl.login.connect.timeout.ms = null
	sasl.login.read.timeout.ms = null
	sasl.login.refresh.buffer.seconds = 300
	sasl.login.refresh.min.period.seconds = 60
	sasl.login.refresh.window.factor = 0.8
	sasl.login.refresh.window.jitter = 0.05
	sasl.login.retry.backoff.max.ms = 10000
	sasl.login.retry.backoff.ms = 100
	sasl.mechanism = GSSAPI
	sasl.oauthbearer.clock.skew.seconds = 30
	sasl.oauthbearer.expected.audience = null
	sasl.oauthbearer.expected.issuer = null
	sasl.oauthbearer.jwks.endpoint.refresh.ms = 3600000
	sasl.oauthbearer.jwks.endpoint.retry.backoff.max.ms = 10000
	sasl.oauthbearer.jwks.endpoint.retry.backoff.ms = 100
	sasl.oauthbearer.jwks.endpoint.url = null
	sasl.oauthbearer.scope.claim.name = scope
	sasl.oauthbearer.sub.claim.name = sub
	sasl.oauthbearer.token.endpoint.url = null
	security.protocol = PLAINTEXT
	security.providers = null
	send.buffer.bytes = 131072
	socket.connection.setup.timeout.max.ms = 30000
	socket.connection.setup.timeout.ms = 10000
	ssl.cipher.suites = null
	ssl.enabled.protocols = [TLSv1.2, TLSv1.3]
	ssl.endpoint.identification.algorithm = https
	ssl.engine.factory.class = null
	ssl.key.password = null
	ssl.keymanager.algorithm = SunX509
	ssl.keystore.certificate.chain = null
	ssl.keystore.key = null
	ssl.keystore.location = null
	ssl.keystore.password = null
	ssl.keystore.type = JKS
	ssl.protocol = TLSv1.3
	ssl.provider = null
	ssl.secure.random.implementation = null
	ssl.trustmanager.algorithm = PKIX
	ssl.truststore.certificates = null
	ssl.truststore.location = null
	ssl.truststore.password = null
	ssl.truststore.type = JKS
	transaction.timeout.ms = 60000
	transactional.id = null
	value.serializer = class org.apache.kafka.common.serialization.StringSerializer

2025-01-26 18:18:14.298  INFO 4660 --- [nio-8084-exec-2] org.apache.kafka.common.telemetry.internals.KafkaMetricsCollector.init : initializing Kafka metrics collector
2025-01-26 18:18:14.305  INFO 4660 --- [nio-8084-exec-2] org.apache.kafka.clients.producer.KafkaProducer.configureTransactionState : [Producer clientId=cartservice-producer-1] Instantiated an idempotent producer.
2025-01-26 18:18:14.322  INFO 4660 --- [nio-8084-exec-2] org.apache.kafka.common.utils.AppInfoParser.<init> : Kafka version: 3.8.1
2025-01-26 18:18:14.322  INFO 4660 --- [nio-8084-exec-2] org.apache.kafka.common.utils.AppInfoParser.<init> : Kafka commitId: 70d6ff42debf7e17
2025-01-26 18:18:14.322  INFO 4660 --- [nio-8084-exec-2] org.apache.kafka.common.utils.AppInfoParser.<init> : Kafka startTimeMs: 1737895694321
2025-01-26 18:18:14.459  INFO 4660 --- [vice-producer-1] org.apache.kafka.clients.Metadata.update : [Producer clientId=cartservice-producer-1] Cluster ID: 5L6g3nShT-eMCtK--X86sw
2025-01-26 18:18:14.460  INFO 4660 --- [vice-producer-1] org.apache.kafka.clients.producer.internals.TransactionManager.setProducerIdAndEpoch : [Producer clientId=cartservice-producer-1] ProducerId set to 4001 with epoch 0
2025-01-26 18:18:14.461 ERROR 4660 --- [nio-8084-exec-2] org.apache.catalina.core.ContainerBase.[Tomcat].[localhost].[/].[dispatcherServlet].log : Servlet.service() for servlet [dispatcherServlet] in context with path [] threw exception [Request processing failed: org.apache.kafka.common.errors.SerializationException: Can't convert key of class java.lang.Long to class org.apache.kafka.common.serialization.StringSerializer specified in key.serializer] with root cause

java.lang.ClassCastException: class java.lang.Long cannot be cast to class java.lang.String (java.lang.Long and java.lang.String are in module java.base of loader 'bootstrap')
	at org.apache.kafka.common.serialization.StringSerializer.serialize(StringSerializer.java:31) ~[kafka-clients-3.8.1.jar:?]
	at org.apache.kafka.common.serialization.Serializer.serialize(Serializer.java:62) ~[kafka-clients-3.8.1.jar:?]
	at org.apache.kafka.clients.producer.KafkaProducer.doSend(KafkaProducer.java:1036) ~[kafka-clients-3.8.1.jar:?]
	at org.apache.kafka.clients.producer.KafkaProducer.send(KafkaProducer.java:991) ~[kafka-clients-3.8.1.jar:?]
	at org.springframework.kafka.core.DefaultKafkaProducerFactory$CloseSafeProducer.send(DefaultKafkaProducerFactory.java:1103) ~[spring-kafka-3.3.1.jar:3.3.1]
	at org.springframework.kafka.core.KafkaTemplate.doSend(KafkaTemplate.java:837) ~[spring-kafka-3.3.1.jar:3.3.1]
	at org.springframework.kafka.core.KafkaTemplate.observeSend(KafkaTemplate.java:805) ~[spring-kafka-3.3.1.jar:3.3.1]
	at org.springframework.kafka.core.KafkaTemplate.send(KafkaTemplate.java:588) ~[spring-kafka-3.3.1.jar:3.3.1]
	at me.sridharpatil.ecom.cartservice.services.CartServiceImpl.checkout(CartServiceImpl.java:185) ~[classes/:?]
	at me.sridharpatil.ecom.cartservice.controllers.CartController.checkout(CartController.java:63) ~[classes/:?]
	at java.base/jdk.internal.reflect.DirectMethodHandleAccessor.invoke(DirectMethodHandleAccessor.java:103) ~[?:?]
	at java.base/java.lang.reflect.Method.invoke(Method.java:580) ~[?:?]
	at org.springframework.web.method.support.InvocableHandlerMethod.doInvoke(InvocableHandlerMethod.java:257) ~[spring-web-6.2.1.jar:6.2.1]
	at org.springframework.web.method.support.InvocableHandlerMethod.invokeForRequest(InvocableHandlerMethod.java:190) ~[spring-web-6.2.1.jar:6.2.1]
	at org.springframework.web.servlet.mvc.method.annotation.ServletInvocableHandlerMethod.invokeAndHandle(ServletInvocableHandlerMethod.java:118) ~[spring-webmvc-6.2.1.jar:6.2.1]
	at org.springframework.web.servlet.mvc.method.annotation.RequestMappingHandlerAdapter.invokeHandlerMethod(RequestMappingHandlerAdapter.java:986) ~[spring-webmvc-6.2.1.jar:6.2.1]
	at org.springframework.web.servlet.mvc.method.annotation.RequestMappingHandlerAdapter.handleInternal(RequestMappingHandlerAdapter.java:891) ~[spring-webmvc-6.2.1.jar:6.2.1]
	at org.springframework.web.servlet.mvc.method.AbstractHandlerMethodAdapter.handle(AbstractHandlerMethodAdapter.java:87) ~[spring-webmvc-6.2.1.jar:6.2.1]
	at org.springframework.web.servlet.DispatcherServlet.doDispatch(DispatcherServlet.java:1088) ~[spring-webmvc-6.2.1.jar:6.2.1]
	at org.springframework.web.servlet.DispatcherServlet.doService(DispatcherServlet.java:978) ~[spring-webmvc-6.2.1.jar:6.2.1]
	at org.springframework.web.servlet.FrameworkServlet.processRequest(FrameworkServlet.java:1014) ~[spring-webmvc-6.2.1.jar:6.2.1]
	at org.springframework.web.servlet.FrameworkServlet.doPost(FrameworkServlet.java:914) ~[spring-webmvc-6.2.1.jar:6.2.1]
	at jakarta.servlet.http.HttpServlet.service(HttpServlet.java:590) ~[tomcat-embed-core-10.1.34.jar:6.0]
	at org.springframework.web.servlet.FrameworkServlet.service(FrameworkServlet.java:885) ~[spring-webmvc-6.2.1.jar:6.2.1]
	at jakarta.servlet.http.HttpServlet.service(HttpServlet.java:658) ~[tomcat-embed-core-10.1.34.jar:6.0]
	at org.apache.catalina.core.ApplicationFilterChain.internalDoFilter(ApplicationFilterChain.java:195) ~[tomcat-embed-core-10.1.34.jar:10.1.34]
	at org.apache.catalina.core.ApplicationFilterChain.doFilter(ApplicationFilterChain.java:140) ~[tomcat-embed-core-10.1.34.jar:10.1.34]
	at org.apache.tomcat.websocket.server.WsFilter.doFilter(WsFilter.java:51) ~[tomcat-embed-websocket-10.1.34.jar:10.1.34]
	at org.apache.catalina.core.ApplicationFilterChain.internalDoFilter(ApplicationFilterChain.java:164) ~[tomcat-embed-core-10.1.34.jar:10.1.34]
	at org.apache.catalina.core.ApplicationFilterChain.doFilter(ApplicationFilterChain.java:140) ~[tomcat-embed-core-10.1.34.jar:10.1.34]
	at org.springframework.web.filter.RequestContextFilter.doFilterInternal(RequestContextFilter.java:100) ~[spring-web-6.2.1.jar:6.2.1]
	at org.springframework.web.filter.OncePerRequestFilter.doFilter(OncePerRequestFilter.java:116) ~[spring-web-6.2.1.jar:6.2.1]
	at org.apache.catalina.core.ApplicationFilterChain.internalDoFilter(ApplicationFilterChain.java:164) ~[tomcat-embed-core-10.1.34.jar:10.1.34]
	at org.apache.catalina.core.ApplicationFilterChain.doFilter(ApplicationFilterChain.java:140) ~[tomcat-embed-core-10.1.34.jar:10.1.34]
	at org.springframework.web.filter.FormContentFilter.doFilterInternal(FormContentFilter.java:93) ~[spring-web-6.2.1.jar:6.2.1]
	at org.springframework.web.filter.OncePerRequestFilter.doFilter(OncePerRequestFilter.java:116) ~[spring-web-6.2.1.jar:6.2.1]
	at org.apache.catalina.core.ApplicationFilterChain.internalDoFilter(ApplicationFilterChain.java:164) ~[tomcat-embed-core-10.1.34.jar:10.1.34]
	at org.apache.catalina.core.ApplicationFilterChain.doFilter(ApplicationFilterChain.java:140) ~[tomcat-embed-core-10.1.34.jar:10.1.34]
	at org.springframework.web.filter.CharacterEncodingFilter.doFilterInternal(CharacterEncodingFilter.java:201) ~[spring-web-6.2.1.jar:6.2.1]
	at org.springframework.web.filter.OncePerRequestFilter.doFilter(OncePerRequestFilter.java:116) ~[spring-web-6.2.1.jar:6.2.1]
	at org.apache.catalina.core.ApplicationFilterChain.internalDoFilter(ApplicationFilterChain.java:164) ~[tomcat-embed-core-10.1.34.jar:10.1.34]
	at org.apache.catalina.core.ApplicationFilterChain.doFilter(ApplicationFilterChain.java:140) ~[tomcat-embed-core-10.1.34.jar:10.1.34]
	at org.apache.catalina.core.StandardWrapperValve.invoke(StandardWrapperValve.java:167) ~[tomcat-embed-core-10.1.34.jar:10.1.34]
	at org.apache.catalina.core.StandardContextValve.invoke(StandardContextValve.java:90) ~[tomcat-embed-core-10.1.34.jar:10.1.34]
	at org.apache.catalina.authenticator.AuthenticatorBase.invoke(AuthenticatorBase.java:483) ~[tomcat-embed-core-10.1.34.jar:10.1.34]
	at org.apache.catalina.core.StandardHostValve.invoke(StandardHostValve.java:115) ~[tomcat-embed-core-10.1.34.jar:10.1.34]
	at org.apache.catalina.valves.ErrorReportValve.invoke(ErrorReportValve.java:93) ~[tomcat-embed-core-10.1.34.jar:10.1.34]
	at org.apache.catalina.core.StandardEngineValve.invoke(StandardEngineValve.java:74) ~[tomcat-embed-core-10.1.34.jar:10.1.34]
	at org.apache.catalina.connector.CoyoteAdapter.service(CoyoteAdapter.java:344) ~[tomcat-embed-core-10.1.34.jar:10.1.34]
	at org.apache.coyote.http11.Http11Processor.service(Http11Processor.java:397) ~[tomcat-embed-core-10.1.34.jar:10.1.34]
	at org.apache.coyote.AbstractProcessorLight.process(AbstractProcessorLight.java:63) ~[tomcat-embed-core-10.1.34.jar:10.1.34]
	at org.apache.coyote.AbstractProtocol$ConnectionHandler.process(AbstractProtocol.java:905) ~[tomcat-embed-core-10.1.34.jar:10.1.34]
	at org.apache.tomcat.util.net.NioEndpoint$SocketProcessor.doRun(NioEndpoint.java:1741) ~[tomcat-embed-core-10.1.34.jar:10.1.34]
	at org.apache.tomcat.util.net.SocketProcessorBase.run(SocketProcessorBase.java:52) ~[tomcat-embed-core-10.1.34.jar:10.1.34]
	at org.apache.tomcat.util.threads.ThreadPoolExecutor.runWorker(ThreadPoolExecutor.java:1190) ~[tomcat-embed-core-10.1.34.jar:10.1.34]
	at org.apache.tomcat.util.threads.ThreadPoolExecutor$Worker.run(ThreadPoolExecutor.java:659) ~[tomcat-embed-core-10.1.34.jar:10.1.34]
	at org.apache.tomcat.util.threads.TaskThread$WrappingRunnable.run(TaskThread.java:63) ~[tomcat-embed-core-10.1.34.jar:10.1.34]
	at java.base/java.lang.Thread.run(Thread.java:1583) [?:?]

2025-01-26 18:22:51.921  INFO 4660 --- [ionShutdownHook] org.springframework.boot.web.embedded.tomcat.GracefulShutdown.shutDownGracefully : Commencing graceful shutdown. Waiting for active requests to complete
2025-01-26 18:22:51.927  INFO 4660 --- [tomcat-shutdown] org.springframework.boot.web.embedded.tomcat.GracefulShutdown.doShutdown : Graceful shutdown complete
2025-01-26 18:22:51.937  INFO 4660 --- [ionShutdownHook] org.apache.kafka.clients.producer.KafkaProducer.close : [Producer clientId=cartservice-producer-1] Closing the Kafka producer with timeoutMillis = 30000 ms.
2025-01-26 18:22:51.944  INFO 4660 --- [ionShutdownHook] org.apache.kafka.common.metrics.Metrics.close : Metrics scheduler closed
2025-01-26 18:22:51.944  INFO 4660 --- [ionShutdownHook] org.apache.kafka.common.metrics.Metrics.close : Closing reporter org.apache.kafka.common.metrics.JmxReporter
2025-01-26 18:22:51.944  INFO 4660 --- [ionShutdownHook] org.apache.kafka.common.metrics.Metrics.close : Closing reporter org.apache.kafka.common.telemetry.internals.ClientTelemetryReporter
2025-01-26 18:22:51.944  INFO 4660 --- [ionShutdownHook] org.apache.kafka.common.metrics.Metrics.close : Metrics reporters closed
2025-01-26 18:22:51.944  INFO 4660 --- [ionShutdownHook] org.apache.kafka.common.utils.AppInfoParser.unregisterAppInfo : App info kafka.producer for cartservice-producer-1 unregistered
2025-01-26 18:22:51.959  INFO 4660 --- [ionShutdownHook] org.springframework.orm.jpa.LocalContainerEntityManagerFactoryBean.destroy : Closing JPA EntityManagerFactory for persistence unit 'default'
2025-01-26 18:22:51.961  INFO 4660 --- [ionShutdownHook] com.zaxxer.hikari.HikariDataSource.close : HikariPool-1 - Shutdown initiated...
2025-01-26 18:22:51.979  INFO 4660 --- [ionShutdownHook] com.zaxxer.hikari.HikariDataSource.close : HikariPool-1 - Shutdown completed.
2025-01-26 18:22:54.254  INFO 4801 --- [kground-preinit] org.hibernate.validator.internal.util.Version.<clinit> : HV000001: Hibernate Validator 8.0.2.Final
2025-01-26 18:22:54.270  INFO 4801 --- [           main] me.sridharpatil.ecom.cartservice.CartserviceApplication.logStarting : Starting CartserviceApplication using Java 21.0.1 with PID 4801 (/Users/sridharpatil/Documents/Learning/ProjectModule/ecom/cartservice/target/classes started by sridharpatil in /Users/sridharpatil/Documents/Learning/ProjectModule/ecom/cartservice)
2025-01-26 18:22:54.271 DEBUG 4801 --- [           main] me.sridharpatil.ecom.cartservice.CartserviceApplication.logStarting : Running with Spring Boot v3.4.1, Spring v6.2.1
2025-01-26 18:22:54.271  INFO 4801 --- [           main] me.sridharpatil.ecom.cartservice.CartserviceApplication.logStartupProfileInfo : No active profile set, falling back to 1 default profile: "default"
2025-01-26 18:22:54.522  INFO 4801 --- [           main] org.springframework.data.repository.config.RepositoryConfigurationDelegate.multipleStoresDetected : Multiple Spring Data modules found, entering strict repository configuration mode
2025-01-26 18:22:54.522  INFO 4801 --- [           main] org.springframework.data.repository.config.RepositoryConfigurationDelegate.registerRepositoriesIn : Bootstrapping Spring Data JPA repositories in DEFAULT mode.
2025-01-26 18:22:54.589  INFO 4801 --- [           main] org.springframework.data.repository.config.RepositoryConfigurationDelegate.registerRepositoriesIn : Finished Spring Data repository scanning in 62 ms. Found 2 JPA repository interfaces.
2025-01-26 18:22:54.596  INFO 4801 --- [           main] org.springframework.data.repository.config.RepositoryConfigurationDelegate.multipleStoresDetected : Multiple Spring Data modules found, entering strict repository configuration mode
2025-01-26 18:22:54.597  INFO 4801 --- [           main] org.springframework.data.repository.config.RepositoryConfigurationDelegate.registerRepositoriesIn : Bootstrapping Spring Data Redis repositories in DEFAULT mode.
2025-01-26 18:22:54.603  INFO 4801 --- [           main] org.springframework.data.repository.config.RepositoryConfigurationExtensionSupport.isStrictRepositoryCandidate : Spring Data Redis - Could not safely identify store assignment for repository candidate interface me.sridharpatil.ecom.cartservice.repositories.CartItemRepository; If you want this repository to be a Redis repository, consider annotating your entities with one of these annotations: org.springframework.data.redis.core.RedisHash (preferred), or consider extending one of the following types with your repository: org.springframework.data.keyvalue.repository.KeyValueRepository
2025-01-26 18:22:54.603  INFO 4801 --- [           main] org.springframework.data.repository.config.RepositoryConfigurationExtensionSupport.isStrictRepositoryCandidate : Spring Data Redis - Could not safely identify store assignment for repository candidate interface me.sridharpatil.ecom.cartservice.repositories.CartRepository; If you want this repository to be a Redis repository, consider annotating your entities with one of these annotations: org.springframework.data.redis.core.RedisHash (preferred), or consider extending one of the following types with your repository: org.springframework.data.keyvalue.repository.KeyValueRepository
2025-01-26 18:22:54.603  INFO 4801 --- [           main] org.springframework.data.repository.config.RepositoryConfigurationDelegate.registerRepositoriesIn : Finished Spring Data repository scanning in 2 ms. Found 0 Redis repository interfaces.
2025-01-26 18:22:54.819  INFO 4801 --- [           main] org.springframework.boot.web.embedded.tomcat.TomcatWebServer.initialize : Tomcat initialized with port 8084 (http)
2025-01-26 18:22:54.825  INFO 4801 --- [           main] org.apache.coyote.http11.Http11NioProtocol.log : Initializing ProtocolHandler ["http-nio-8084"]
2025-01-26 18:22:54.826  INFO 4801 --- [           main] org.apache.catalina.core.StandardService.log : Starting service [Tomcat]
2025-01-26 18:22:54.826  INFO 4801 --- [           main] org.apache.catalina.core.StandardEngine.log : Starting Servlet engine: [Apache Tomcat/10.1.34]
2025-01-26 18:22:54.846  INFO 4801 --- [           main] org.apache.catalina.core.ContainerBase.[Tomcat].[localhost].[/].log : Initializing Spring embedded WebApplicationContext
2025-01-26 18:22:54.846  INFO 4801 --- [           main] org.springframework.boot.web.servlet.context.ServletWebServerApplicationContext.prepareWebApplicationContext : Root WebApplicationContext: initialization completed in 561 ms
2025-01-26 18:22:54.906  INFO 4801 --- [           main] org.hibernate.jpa.internal.util.LogHelper.logPersistenceUnitInformation : HHH000204: Processing PersistenceUnitInfo [name: default]
2025-01-26 18:22:54.928  INFO 4801 --- [           main] org.hibernate.Version.logVersion : HHH000412: Hibernate ORM core version 6.6.4.Final
2025-01-26 18:22:54.939  INFO 4801 --- [           main] org.hibernate.cache.internal.RegionFactoryInitiator.initiateService : HHH000026: Second-level cache disabled
2025-01-26 18:22:55.027  INFO 4801 --- [           main] org.springframework.orm.jpa.persistenceunit.SpringPersistenceUnitInfo.addTransformer : No LoadTimeWeaver setup: ignoring JPA class transformer
2025-01-26 18:22:55.040  INFO 4801 --- [           main] com.zaxxer.hikari.HikariDataSource.getConnection : HikariPool-1 - Starting...
2025-01-26 18:22:55.192  INFO 4801 --- [           main] com.zaxxer.hikari.pool.HikariPool.checkFailFast : HikariPool-1 - Added connection com.mysql.cj.jdbc.ConnectionImpl@73958426
2025-01-26 18:22:55.192  INFO 4801 --- [           main] com.zaxxer.hikari.HikariDataSource.getConnection : HikariPool-1 - Start completed.
2025-01-26 18:22:55.232  INFO 4801 --- [           main] org.hibernate.orm.connections.pooling.initiateService : HHH10001005: Database info:
	Database JDBC URL [Connecting through datasource 'HikariDataSource (HikariPool-1)']
	Database driver: undefined/unknown
	Database version: 8.0.32
	Autocommit mode: undefined/unknown
	Isolation level: undefined/unknown
	Minimum pool size: undefined/unknown
	Maximum pool size: undefined/unknown
2025-01-26 18:22:55.583  INFO 4801 --- [           main] org.hibernate.engine.transaction.jta.platform.internal.JtaPlatformInitiator.initiateService : HHH000489: No JTA platform available (set 'hibernate.transaction.jta.platform' to enable JTA platform integration)
2025-01-26 18:22:55.627  INFO 4801 --- [           main] org.springframework.orm.jpa.LocalContainerEntityManagerFactoryBean.buildNativeEntityManagerFactory : Initialized JPA EntityManagerFactory for persistence unit 'default'
2025-01-26 18:22:55.911  WARN 4801 --- [           main] org.springframework.boot.autoconfigure.orm.jpa.JpaBaseConfiguration$JpaWebConfiguration.openEntityManagerInViewInterceptor : spring.jpa.open-in-view is enabled by default. Therefore, database queries may be performed during view rendering. Explicitly configure spring.jpa.open-in-view to disable this warning
2025-01-26 18:22:56.082  INFO 4801 --- [           main] org.apache.coyote.http11.Http11NioProtocol.log : Starting ProtocolHandler ["http-nio-8084"]
2025-01-26 18:22:56.087  INFO 4801 --- [           main] org.springframework.boot.web.embedded.tomcat.TomcatWebServer.start : Tomcat started on port 8084 (http) with context path '/'
2025-01-26 18:22:56.092  INFO 4801 --- [           main] me.sridharpatil.ecom.cartservice.CartserviceApplication.logStarted : Started CartserviceApplication in 1.943 seconds (process running for 2.298)
2025-01-26 18:22:59.726  INFO 4801 --- [nio-8084-exec-1] org.apache.catalina.core.ContainerBase.[Tomcat].[localhost].[/].log : Initializing Spring DispatcherServlet 'dispatcherServlet'
2025-01-26 18:22:59.726  INFO 4801 --- [nio-8084-exec-1] org.springframework.web.servlet.DispatcherServlet.initServletBean : Initializing Servlet 'dispatcherServlet'
2025-01-26 18:22:59.727  INFO 4801 --- [nio-8084-exec-1] org.springframework.web.servlet.DispatcherServlet.initServletBean : Completed initialization in 1 ms
2025-01-26 18:22:59.750 DEBUG 4801 --- [nio-8084-exec-1] me.sridharpatil.ecom.cartservice.services.CartServiceImpl.checkout : Checking out cart for user: 25
2025-01-26 18:22:59.815 DEBUG 4801 --- [nio-8084-exec-1] me.sridharpatil.ecom.cartservice.services.CartServiceImpl.checkout : Updating total price for cart for user: 25
2025-01-26 18:22:59.840  INFO 4801 --- [nio-8084-exec-1] me.sridharpatil.ecom.cartservice.services.CartServiceImpl.checkout : Producing message to kafka topic: cart-service.checkout
2025-01-26 18:22:59.877  INFO 4801 --- [nio-8084-exec-1] org.apache.kafka.clients.producer.ProducerConfig.logAll : ProducerConfig values: 
	acks = -1
	auto.include.jmx.reporter = true
	batch.size = 16384
	bootstrap.servers = [localhost:9092]
	buffer.memory = 33554432
	client.dns.lookup = use_all_dns_ips
	client.id = cartservice-producer-1
	compression.gzip.level = -1
	compression.lz4.level = 9
	compression.type = none
	compression.zstd.level = 3
	connections.max.idle.ms = 540000
	delivery.timeout.ms = 120000
	enable.idempotence = true
	enable.metrics.push = true
	interceptor.classes = []
	key.serializer = class org.apache.kafka.common.serialization.StringSerializer
	linger.ms = 0
	max.block.ms = 60000
	max.in.flight.requests.per.connection = 5
	max.request.size = 1048576
	metadata.max.age.ms = 300000
	metadata.max.idle.ms = 300000
	metadata.recovery.strategy = none
	metric.reporters = []
	metrics.num.samples = 2
	metrics.recording.level = INFO
	metrics.sample.window.ms = 30000
	partitioner.adaptive.partitioning.enable = true
	partitioner.availability.timeout.ms = 0
	partitioner.class = null
	partitioner.ignore.keys = false
	receive.buffer.bytes = 32768
	reconnect.backoff.max.ms = 1000
	reconnect.backoff.ms = 50
	request.timeout.ms = 30000
	retries = 2147483647
	retry.backoff.max.ms = 1000
	retry.backoff.ms = 100
	sasl.client.callback.handler.class = null
	sasl.jaas.config = null
	sasl.kerberos.kinit.cmd = /usr/bin/kinit
	sasl.kerberos.min.time.before.relogin = 60000
	sasl.kerberos.service.name = null
	sasl.kerberos.ticket.renew.jitter = 0.05
	sasl.kerberos.ticket.renew.window.factor = 0.8
	sasl.login.callback.handler.class = null
	sasl.login.class = null
	sasl.login.connect.timeout.ms = null
	sasl.login.read.timeout.ms = null
	sasl.login.refresh.buffer.seconds = 300
	sasl.login.refresh.min.period.seconds = 60
	sasl.login.refresh.window.factor = 0.8
	sasl.login.refresh.window.jitter = 0.05
	sasl.login.retry.backoff.max.ms = 10000
	sasl.login.retry.backoff.ms = 100
	sasl.mechanism = GSSAPI
	sasl.oauthbearer.clock.skew.seconds = 30
	sasl.oauthbearer.expected.audience = null
	sasl.oauthbearer.expected.issuer = null
	sasl.oauthbearer.jwks.endpoint.refresh.ms = 3600000
	sasl.oauthbearer.jwks.endpoint.retry.backoff.max.ms = 10000
	sasl.oauthbearer.jwks.endpoint.retry.backoff.ms = 100
	sasl.oauthbearer.jwks.endpoint.url = null
	sasl.oauthbearer.scope.claim.name = scope
	sasl.oauthbearer.sub.claim.name = sub
	sasl.oauthbearer.token.endpoint.url = null
	security.protocol = PLAINTEXT
	security.providers = null
	send.buffer.bytes = 131072
	socket.connection.setup.timeout.max.ms = 30000
	socket.connection.setup.timeout.ms = 10000
	ssl.cipher.suites = null
	ssl.enabled.protocols = [TLSv1.2, TLSv1.3]
	ssl.endpoint.identification.algorithm = https
	ssl.engine.factory.class = null
	ssl.key.password = null
	ssl.keymanager.algorithm = SunX509
	ssl.keystore.certificate.chain = null
	ssl.keystore.key = null
	ssl.keystore.location = null
	ssl.keystore.password = null
	ssl.keystore.type = JKS
	ssl.protocol = TLSv1.3
	ssl.provider = null
	ssl.secure.random.implementation = null
	ssl.trustmanager.algorithm = PKIX
	ssl.truststore.certificates = null
	ssl.truststore.location = null
	ssl.truststore.password = null
	ssl.truststore.type = JKS
	transaction.timeout.ms = 60000
	transactional.id = null
	value.serializer = class org.apache.kafka.common.serialization.StringSerializer

2025-01-26 18:22:59.893  INFO 4801 --- [nio-8084-exec-1] org.apache.kafka.common.telemetry.internals.KafkaMetricsCollector.init : initializing Kafka metrics collector
2025-01-26 18:22:59.900  INFO 4801 --- [nio-8084-exec-1] org.apache.kafka.clients.producer.KafkaProducer.configureTransactionState : [Producer clientId=cartservice-producer-1] Instantiated an idempotent producer.
2025-01-26 18:22:59.921  INFO 4801 --- [nio-8084-exec-1] org.apache.kafka.common.utils.AppInfoParser.<init> : Kafka version: 3.8.1
2025-01-26 18:22:59.921  INFO 4801 --- [nio-8084-exec-1] org.apache.kafka.common.utils.AppInfoParser.<init> : Kafka commitId: 70d6ff42debf7e17
2025-01-26 18:22:59.921  INFO 4801 --- [nio-8084-exec-1] org.apache.kafka.common.utils.AppInfoParser.<init> : Kafka startTimeMs: 1737895979920
2025-01-26 18:23:00.055  INFO 4801 --- [vice-producer-1] org.apache.kafka.clients.Metadata.update : [Producer clientId=cartservice-producer-1] Cluster ID: 5L6g3nShT-eMCtK--X86sw
2025-01-26 18:23:00.055  INFO 4801 --- [vice-producer-1] org.apache.kafka.clients.producer.internals.TransactionManager.setProducerIdAndEpoch : [Producer clientId=cartservice-producer-1] ProducerId set to 4002 with epoch 0
2025-01-26 18:23:00.057 ERROR 4801 --- [nio-8084-exec-1] org.apache.catalina.core.ContainerBase.[Tomcat].[localhost].[/].[dispatcherServlet].log : Servlet.service() for servlet [dispatcherServlet] in context with path [] threw exception [Request processing failed: org.apache.kafka.common.errors.SerializationException: Can't convert key of class java.lang.Long to class org.apache.kafka.common.serialization.StringSerializer specified in key.serializer] with root cause

java.lang.ClassCastException: class java.lang.Long cannot be cast to class java.lang.String (java.lang.Long and java.lang.String are in module java.base of loader 'bootstrap')
	at org.apache.kafka.common.serialization.StringSerializer.serialize(StringSerializer.java:31) ~[kafka-clients-3.8.1.jar:?]
	at org.apache.kafka.common.serialization.Serializer.serialize(Serializer.java:62) ~[kafka-clients-3.8.1.jar:?]
	at org.apache.kafka.clients.producer.KafkaProducer.doSend(KafkaProducer.java:1036) ~[kafka-clients-3.8.1.jar:?]
	at org.apache.kafka.clients.producer.KafkaProducer.send(KafkaProducer.java:991) ~[kafka-clients-3.8.1.jar:?]
	at org.springframework.kafka.core.DefaultKafkaProducerFactory$CloseSafeProducer.send(DefaultKafkaProducerFactory.java:1103) ~[spring-kafka-3.3.1.jar:3.3.1]
	at org.springframework.kafka.core.KafkaTemplate.doSend(KafkaTemplate.java:837) ~[spring-kafka-3.3.1.jar:3.3.1]
	at org.springframework.kafka.core.KafkaTemplate.observeSend(KafkaTemplate.java:805) ~[spring-kafka-3.3.1.jar:3.3.1]
	at org.springframework.kafka.core.KafkaTemplate.send(KafkaTemplate.java:588) ~[spring-kafka-3.3.1.jar:3.3.1]
	at me.sridharpatil.ecom.cartservice.services.CartServiceImpl.checkout(CartServiceImpl.java:186) ~[classes/:?]
	at me.sridharpatil.ecom.cartservice.controllers.CartController.checkout(CartController.java:63) ~[classes/:?]
	at java.base/jdk.internal.reflect.DirectMethodHandleAccessor.invoke(DirectMethodHandleAccessor.java:103) ~[?:?]
	at java.base/java.lang.reflect.Method.invoke(Method.java:580) ~[?:?]
	at org.springframework.web.method.support.InvocableHandlerMethod.doInvoke(InvocableHandlerMethod.java:257) ~[spring-web-6.2.1.jar:6.2.1]
	at org.springframework.web.method.support.InvocableHandlerMethod.invokeForRequest(InvocableHandlerMethod.java:190) ~[spring-web-6.2.1.jar:6.2.1]
	at org.springframework.web.servlet.mvc.method.annotation.ServletInvocableHandlerMethod.invokeAndHandle(ServletInvocableHandlerMethod.java:118) ~[spring-webmvc-6.2.1.jar:6.2.1]
	at org.springframework.web.servlet.mvc.method.annotation.RequestMappingHandlerAdapter.invokeHandlerMethod(RequestMappingHandlerAdapter.java:986) ~[spring-webmvc-6.2.1.jar:6.2.1]
	at org.springframework.web.servlet.mvc.method.annotation.RequestMappingHandlerAdapter.handleInternal(RequestMappingHandlerAdapter.java:891) ~[spring-webmvc-6.2.1.jar:6.2.1]
	at org.springframework.web.servlet.mvc.method.AbstractHandlerMethodAdapter.handle(AbstractHandlerMethodAdapter.java:87) ~[spring-webmvc-6.2.1.jar:6.2.1]
	at org.springframework.web.servlet.DispatcherServlet.doDispatch(DispatcherServlet.java:1088) ~[spring-webmvc-6.2.1.jar:6.2.1]
	at org.springframework.web.servlet.DispatcherServlet.doService(DispatcherServlet.java:978) ~[spring-webmvc-6.2.1.jar:6.2.1]
	at org.springframework.web.servlet.FrameworkServlet.processRequest(FrameworkServlet.java:1014) ~[spring-webmvc-6.2.1.jar:6.2.1]
	at org.springframework.web.servlet.FrameworkServlet.doPost(FrameworkServlet.java:914) ~[spring-webmvc-6.2.1.jar:6.2.1]
	at jakarta.servlet.http.HttpServlet.service(HttpServlet.java:590) ~[tomcat-embed-core-10.1.34.jar:6.0]
	at org.springframework.web.servlet.FrameworkServlet.service(FrameworkServlet.java:885) ~[spring-webmvc-6.2.1.jar:6.2.1]
	at jakarta.servlet.http.HttpServlet.service(HttpServlet.java:658) ~[tomcat-embed-core-10.1.34.jar:6.0]
	at org.apache.catalina.core.ApplicationFilterChain.internalDoFilter(ApplicationFilterChain.java:195) ~[tomcat-embed-core-10.1.34.jar:10.1.34]
	at org.apache.catalina.core.ApplicationFilterChain.doFilter(ApplicationFilterChain.java:140) ~[tomcat-embed-core-10.1.34.jar:10.1.34]
	at org.apache.tomcat.websocket.server.WsFilter.doFilter(WsFilter.java:51) ~[tomcat-embed-websocket-10.1.34.jar:10.1.34]
	at org.apache.catalina.core.ApplicationFilterChain.internalDoFilter(ApplicationFilterChain.java:164) ~[tomcat-embed-core-10.1.34.jar:10.1.34]
	at org.apache.catalina.core.ApplicationFilterChain.doFilter(ApplicationFilterChain.java:140) ~[tomcat-embed-core-10.1.34.jar:10.1.34]
	at org.springframework.web.filter.RequestContextFilter.doFilterInternal(RequestContextFilter.java:100) ~[spring-web-6.2.1.jar:6.2.1]
	at org.springframework.web.filter.OncePerRequestFilter.doFilter(OncePerRequestFilter.java:116) ~[spring-web-6.2.1.jar:6.2.1]
	at org.apache.catalina.core.ApplicationFilterChain.internalDoFilter(ApplicationFilterChain.java:164) ~[tomcat-embed-core-10.1.34.jar:10.1.34]
	at org.apache.catalina.core.ApplicationFilterChain.doFilter(ApplicationFilterChain.java:140) ~[tomcat-embed-core-10.1.34.jar:10.1.34]
	at org.springframework.web.filter.FormContentFilter.doFilterInternal(FormContentFilter.java:93) ~[spring-web-6.2.1.jar:6.2.1]
	at org.springframework.web.filter.OncePerRequestFilter.doFilter(OncePerRequestFilter.java:116) ~[spring-web-6.2.1.jar:6.2.1]
	at org.apache.catalina.core.ApplicationFilterChain.internalDoFilter(ApplicationFilterChain.java:164) ~[tomcat-embed-core-10.1.34.jar:10.1.34]
	at org.apache.catalina.core.ApplicationFilterChain.doFilter(ApplicationFilterChain.java:140) ~[tomcat-embed-core-10.1.34.jar:10.1.34]
	at org.springframework.web.filter.CharacterEncodingFilter.doFilterInternal(CharacterEncodingFilter.java:201) ~[spring-web-6.2.1.jar:6.2.1]
	at org.springframework.web.filter.OncePerRequestFilter.doFilter(OncePerRequestFilter.java:116) ~[spring-web-6.2.1.jar:6.2.1]
	at org.apache.catalina.core.ApplicationFilterChain.internalDoFilter(ApplicationFilterChain.java:164) ~[tomcat-embed-core-10.1.34.jar:10.1.34]
	at org.apache.catalina.core.ApplicationFilterChain.doFilter(ApplicationFilterChain.java:140) ~[tomcat-embed-core-10.1.34.jar:10.1.34]
	at org.apache.catalina.core.StandardWrapperValve.invoke(StandardWrapperValve.java:167) ~[tomcat-embed-core-10.1.34.jar:10.1.34]
	at org.apache.catalina.core.StandardContextValve.invoke(StandardContextValve.java:90) ~[tomcat-embed-core-10.1.34.jar:10.1.34]
	at org.apache.catalina.authenticator.AuthenticatorBase.invoke(AuthenticatorBase.java:483) ~[tomcat-embed-core-10.1.34.jar:10.1.34]
	at org.apache.catalina.core.StandardHostValve.invoke(StandardHostValve.java:115) ~[tomcat-embed-core-10.1.34.jar:10.1.34]
	at org.apache.catalina.valves.ErrorReportValve.invoke(ErrorReportValve.java:93) ~[tomcat-embed-core-10.1.34.jar:10.1.34]
	at org.apache.catalina.core.StandardEngineValve.invoke(StandardEngineValve.java:74) ~[tomcat-embed-core-10.1.34.jar:10.1.34]
	at org.apache.catalina.connector.CoyoteAdapter.service(CoyoteAdapter.java:344) ~[tomcat-embed-core-10.1.34.jar:10.1.34]
	at org.apache.coyote.http11.Http11Processor.service(Http11Processor.java:397) ~[tomcat-embed-core-10.1.34.jar:10.1.34]
	at org.apache.coyote.AbstractProcessorLight.process(AbstractProcessorLight.java:63) ~[tomcat-embed-core-10.1.34.jar:10.1.34]
	at org.apache.coyote.AbstractProtocol$ConnectionHandler.process(AbstractProtocol.java:905) ~[tomcat-embed-core-10.1.34.jar:10.1.34]
	at org.apache.tomcat.util.net.NioEndpoint$SocketProcessor.doRun(NioEndpoint.java:1741) ~[tomcat-embed-core-10.1.34.jar:10.1.34]
	at org.apache.tomcat.util.net.SocketProcessorBase.run(SocketProcessorBase.java:52) ~[tomcat-embed-core-10.1.34.jar:10.1.34]
	at org.apache.tomcat.util.threads.ThreadPoolExecutor.runWorker(ThreadPoolExecutor.java:1190) ~[tomcat-embed-core-10.1.34.jar:10.1.34]
	at org.apache.tomcat.util.threads.ThreadPoolExecutor$Worker.run(ThreadPoolExecutor.java:659) ~[tomcat-embed-core-10.1.34.jar:10.1.34]
	at org.apache.tomcat.util.threads.TaskThread$WrappingRunnable.run(TaskThread.java:63) ~[tomcat-embed-core-10.1.34.jar:10.1.34]
	at java.base/java.lang.Thread.run(Thread.java:1583) [?:?]

2025-01-26 18:25:22.468  INFO 4801 --- [ionShutdownHook] org.springframework.boot.web.embedded.tomcat.GracefulShutdown.shutDownGracefully : Commencing graceful shutdown. Waiting for active requests to complete
2025-01-26 18:25:22.471  INFO 4801 --- [tomcat-shutdown] org.springframework.boot.web.embedded.tomcat.GracefulShutdown.doShutdown : Graceful shutdown complete
2025-01-26 18:25:22.479  INFO 4801 --- [ionShutdownHook] org.apache.kafka.clients.producer.KafkaProducer.close : [Producer clientId=cartservice-producer-1] Closing the Kafka producer with timeoutMillis = 30000 ms.
2025-01-26 18:25:22.483  INFO 4801 --- [ionShutdownHook] org.apache.kafka.common.metrics.Metrics.close : Metrics scheduler closed
2025-01-26 18:25:22.483  INFO 4801 --- [ionShutdownHook] org.apache.kafka.common.metrics.Metrics.close : Closing reporter org.apache.kafka.common.metrics.JmxReporter
2025-01-26 18:25:22.483  INFO 4801 --- [ionShutdownHook] org.apache.kafka.common.metrics.Metrics.close : Closing reporter org.apache.kafka.common.telemetry.internals.ClientTelemetryReporter
2025-01-26 18:25:22.483  INFO 4801 --- [ionShutdownHook] org.apache.kafka.common.metrics.Metrics.close : Metrics reporters closed
2025-01-26 18:25:22.484  INFO 4801 --- [ionShutdownHook] org.apache.kafka.common.utils.AppInfoParser.unregisterAppInfo : App info kafka.producer for cartservice-producer-1 unregistered
2025-01-26 18:25:22.502  INFO 4801 --- [ionShutdownHook] org.springframework.orm.jpa.LocalContainerEntityManagerFactoryBean.destroy : Closing JPA EntityManagerFactory for persistence unit 'default'
2025-01-26 18:25:22.504  INFO 4801 --- [ionShutdownHook] com.zaxxer.hikari.HikariDataSource.close : HikariPool-1 - Shutdown initiated...
2025-01-26 18:25:22.515  INFO 4801 --- [ionShutdownHook] com.zaxxer.hikari.HikariDataSource.close : HikariPool-1 - Shutdown completed.
2025-01-26 18:25:24.390  INFO 4880 --- [kground-preinit] org.hibernate.validator.internal.util.Version.<clinit> : HV000001: Hibernate Validator 8.0.2.Final
2025-01-26 18:25:24.407  INFO 4880 --- [           main] me.sridharpatil.ecom.cartservice.CartserviceApplication.logStarting : Starting CartserviceApplication using Java 21.0.1 with PID 4880 (/Users/sridharpatil/Documents/Learning/ProjectModule/ecom/cartservice/target/classes started by sridharpatil in /Users/sridharpatil/Documents/Learning/ProjectModule/ecom/cartservice)
2025-01-26 18:25:24.408 DEBUG 4880 --- [           main] me.sridharpatil.ecom.cartservice.CartserviceApplication.logStarting : Running with Spring Boot v3.4.1, Spring v6.2.1
2025-01-26 18:25:24.409  INFO 4880 --- [           main] me.sridharpatil.ecom.cartservice.CartserviceApplication.logStartupProfileInfo : No active profile set, falling back to 1 default profile: "default"
2025-01-26 18:25:24.669  INFO 4880 --- [           main] org.springframework.data.repository.config.RepositoryConfigurationDelegate.multipleStoresDetected : Multiple Spring Data modules found, entering strict repository configuration mode
2025-01-26 18:25:24.669  INFO 4880 --- [           main] org.springframework.data.repository.config.RepositoryConfigurationDelegate.registerRepositoriesIn : Bootstrapping Spring Data JPA repositories in DEFAULT mode.
2025-01-26 18:25:24.733  INFO 4880 --- [           main] org.springframework.data.repository.config.RepositoryConfigurationDelegate.registerRepositoriesIn : Finished Spring Data repository scanning in 60 ms. Found 2 JPA repository interfaces.
2025-01-26 18:25:24.741  INFO 4880 --- [           main] org.springframework.data.repository.config.RepositoryConfigurationDelegate.multipleStoresDetected : Multiple Spring Data modules found, entering strict repository configuration mode
2025-01-26 18:25:24.742  INFO 4880 --- [           main] org.springframework.data.repository.config.RepositoryConfigurationDelegate.registerRepositoriesIn : Bootstrapping Spring Data Redis repositories in DEFAULT mode.
2025-01-26 18:25:24.748  INFO 4880 --- [           main] org.springframework.data.repository.config.RepositoryConfigurationExtensionSupport.isStrictRepositoryCandidate : Spring Data Redis - Could not safely identify store assignment for repository candidate interface me.sridharpatil.ecom.cartservice.repositories.CartItemRepository; If you want this repository to be a Redis repository, consider annotating your entities with one of these annotations: org.springframework.data.redis.core.RedisHash (preferred), or consider extending one of the following types with your repository: org.springframework.data.keyvalue.repository.KeyValueRepository
2025-01-26 18:25:24.748  INFO 4880 --- [           main] org.springframework.data.repository.config.RepositoryConfigurationExtensionSupport.isStrictRepositoryCandidate : Spring Data Redis - Could not safely identify store assignment for repository candidate interface me.sridharpatil.ecom.cartservice.repositories.CartRepository; If you want this repository to be a Redis repository, consider annotating your entities with one of these annotations: org.springframework.data.redis.core.RedisHash (preferred), or consider extending one of the following types with your repository: org.springframework.data.keyvalue.repository.KeyValueRepository
2025-01-26 18:25:24.748  INFO 4880 --- [           main] org.springframework.data.repository.config.RepositoryConfigurationDelegate.registerRepositoriesIn : Finished Spring Data repository scanning in 2 ms. Found 0 Redis repository interfaces.
2025-01-26 18:25:24.972  INFO 4880 --- [           main] org.springframework.boot.web.embedded.tomcat.TomcatWebServer.initialize : Tomcat initialized with port 8084 (http)
2025-01-26 18:25:24.978  INFO 4880 --- [           main] org.apache.coyote.http11.Http11NioProtocol.log : Initializing ProtocolHandler ["http-nio-8084"]
2025-01-26 18:25:24.979  INFO 4880 --- [           main] org.apache.catalina.core.StandardService.log : Starting service [Tomcat]
2025-01-26 18:25:24.979  INFO 4880 --- [           main] org.apache.catalina.core.StandardEngine.log : Starting Servlet engine: [Apache Tomcat/10.1.34]
2025-01-26 18:25:24.998  INFO 4880 --- [           main] org.apache.catalina.core.ContainerBase.[Tomcat].[localhost].[/].log : Initializing Spring embedded WebApplicationContext
2025-01-26 18:25:24.999  INFO 4880 --- [           main] org.springframework.boot.web.servlet.context.ServletWebServerApplicationContext.prepareWebApplicationContext : Root WebApplicationContext: initialization completed in 575 ms
2025-01-26 18:25:25.060  INFO 4880 --- [           main] org.hibernate.jpa.internal.util.LogHelper.logPersistenceUnitInformation : HHH000204: Processing PersistenceUnitInfo [name: default]
2025-01-26 18:25:25.081  INFO 4880 --- [           main] org.hibernate.Version.logVersion : HHH000412: Hibernate ORM core version 6.6.4.Final
2025-01-26 18:25:25.093  INFO 4880 --- [           main] org.hibernate.cache.internal.RegionFactoryInitiator.initiateService : HHH000026: Second-level cache disabled
2025-01-26 18:25:25.190  INFO 4880 --- [           main] org.springframework.orm.jpa.persistenceunit.SpringPersistenceUnitInfo.addTransformer : No LoadTimeWeaver setup: ignoring JPA class transformer
2025-01-26 18:25:25.204  INFO 4880 --- [           main] com.zaxxer.hikari.HikariDataSource.getConnection : HikariPool-1 - Starting...
2025-01-26 18:25:25.354  INFO 4880 --- [           main] com.zaxxer.hikari.pool.HikariPool.checkFailFast : HikariPool-1 - Added connection com.mysql.cj.jdbc.ConnectionImpl@47c5cbf2
2025-01-26 18:25:25.354  INFO 4880 --- [           main] com.zaxxer.hikari.HikariDataSource.getConnection : HikariPool-1 - Start completed.
2025-01-26 18:25:25.395  INFO 4880 --- [           main] org.hibernate.orm.connections.pooling.initiateService : HHH10001005: Database info:
	Database JDBC URL [Connecting through datasource 'HikariDataSource (HikariPool-1)']
	Database driver: undefined/unknown
	Database version: 8.0.32
	Autocommit mode: undefined/unknown
	Isolation level: undefined/unknown
	Minimum pool size: undefined/unknown
	Maximum pool size: undefined/unknown
2025-01-26 18:25:25.751  INFO 4880 --- [           main] org.hibernate.engine.transaction.jta.platform.internal.JtaPlatformInitiator.initiateService : HHH000489: No JTA platform available (set 'hibernate.transaction.jta.platform' to enable JTA platform integration)
2025-01-26 18:25:25.790  INFO 4880 --- [           main] org.springframework.orm.jpa.LocalContainerEntityManagerFactoryBean.buildNativeEntityManagerFactory : Initialized JPA EntityManagerFactory for persistence unit 'default'
2025-01-26 18:25:26.078  WARN 4880 --- [           main] org.springframework.boot.autoconfigure.orm.jpa.JpaBaseConfiguration$JpaWebConfiguration.openEntityManagerInViewInterceptor : spring.jpa.open-in-view is enabled by default. Therefore, database queries may be performed during view rendering. Explicitly configure spring.jpa.open-in-view to disable this warning
2025-01-26 18:25:26.255  INFO 4880 --- [           main] org.apache.coyote.http11.Http11NioProtocol.log : Starting ProtocolHandler ["http-nio-8084"]
2025-01-26 18:25:26.261  INFO 4880 --- [           main] org.springframework.boot.web.embedded.tomcat.TomcatWebServer.start : Tomcat started on port 8084 (http) with context path '/'
2025-01-26 18:25:26.265  INFO 4880 --- [           main] me.sridharpatil.ecom.cartservice.CartserviceApplication.logStarted : Started CartserviceApplication in 1.979 seconds (process running for 2.34)
2025-01-26 18:25:31.098  INFO 4880 --- [nio-8084-exec-1] org.apache.catalina.core.ContainerBase.[Tomcat].[localhost].[/].log : Initializing Spring DispatcherServlet 'dispatcherServlet'
2025-01-26 18:25:31.098  INFO 4880 --- [nio-8084-exec-1] org.springframework.web.servlet.DispatcherServlet.initServletBean : Initializing Servlet 'dispatcherServlet'
2025-01-26 18:25:31.099  INFO 4880 --- [nio-8084-exec-1] org.springframework.web.servlet.DispatcherServlet.initServletBean : Completed initialization in 1 ms
2025-01-26 18:25:31.122 DEBUG 4880 --- [nio-8084-exec-1] me.sridharpatil.ecom.cartservice.services.CartServiceImpl.checkout : Checking out cart for user: 25
2025-01-26 18:25:31.190 DEBUG 4880 --- [nio-8084-exec-1] me.sridharpatil.ecom.cartservice.services.CartServiceImpl.checkout : Updating total price for cart for user: 25
2025-01-26 18:25:31.212  INFO 4880 --- [nio-8084-exec-1] me.sridharpatil.ecom.cartservice.services.CartServiceImpl.checkout : Producing message to kafka topic: cart-service.checkout
2025-01-26 18:25:31.253  INFO 4880 --- [nio-8084-exec-1] org.apache.kafka.clients.producer.ProducerConfig.logAll : ProducerConfig values: 
	acks = -1
	auto.include.jmx.reporter = true
	batch.size = 16384
	bootstrap.servers = [localhost:9092]
	buffer.memory = 33554432
	client.dns.lookup = use_all_dns_ips
	client.id = cartservice-producer-1
	compression.gzip.level = -1
	compression.lz4.level = 9
	compression.type = none
	compression.zstd.level = 3
	connections.max.idle.ms = 540000
	delivery.timeout.ms = 120000
	enable.idempotence = true
	enable.metrics.push = true
	interceptor.classes = []
	key.serializer = class org.apache.kafka.common.serialization.StringSerializer
	linger.ms = 0
	max.block.ms = 60000
	max.in.flight.requests.per.connection = 5
	max.request.size = 1048576
	metadata.max.age.ms = 300000
	metadata.max.idle.ms = 300000
	metadata.recovery.strategy = none
	metric.reporters = []
	metrics.num.samples = 2
	metrics.recording.level = INFO
	metrics.sample.window.ms = 30000
	partitioner.adaptive.partitioning.enable = true
	partitioner.availability.timeout.ms = 0
	partitioner.class = null
	partitioner.ignore.keys = false
	receive.buffer.bytes = 32768
	reconnect.backoff.max.ms = 1000
	reconnect.backoff.ms = 50
	request.timeout.ms = 30000
	retries = 2147483647
	retry.backoff.max.ms = 1000
	retry.backoff.ms = 100
	sasl.client.callback.handler.class = null
	sasl.jaas.config = null
	sasl.kerberos.kinit.cmd = /usr/bin/kinit
	sasl.kerberos.min.time.before.relogin = 60000
	sasl.kerberos.service.name = null
	sasl.kerberos.ticket.renew.jitter = 0.05
	sasl.kerberos.ticket.renew.window.factor = 0.8
	sasl.login.callback.handler.class = null
	sasl.login.class = null
	sasl.login.connect.timeout.ms = null
	sasl.login.read.timeout.ms = null
	sasl.login.refresh.buffer.seconds = 300
	sasl.login.refresh.min.period.seconds = 60
	sasl.login.refresh.window.factor = 0.8
	sasl.login.refresh.window.jitter = 0.05
	sasl.login.retry.backoff.max.ms = 10000
	sasl.login.retry.backoff.ms = 100
	sasl.mechanism = GSSAPI
	sasl.oauthbearer.clock.skew.seconds = 30
	sasl.oauthbearer.expected.audience = null
	sasl.oauthbearer.expected.issuer = null
	sasl.oauthbearer.jwks.endpoint.refresh.ms = 3600000
	sasl.oauthbearer.jwks.endpoint.retry.backoff.max.ms = 10000
	sasl.oauthbearer.jwks.endpoint.retry.backoff.ms = 100
	sasl.oauthbearer.jwks.endpoint.url = null
	sasl.oauthbearer.scope.claim.name = scope
	sasl.oauthbearer.sub.claim.name = sub
	sasl.oauthbearer.token.endpoint.url = null
	security.protocol = PLAINTEXT
	security.providers = null
	send.buffer.bytes = 131072
	socket.connection.setup.timeout.max.ms = 30000
	socket.connection.setup.timeout.ms = 10000
	ssl.cipher.suites = null
	ssl.enabled.protocols = [TLSv1.2, TLSv1.3]
	ssl.endpoint.identification.algorithm = https
	ssl.engine.factory.class = null
	ssl.key.password = null
	ssl.keymanager.algorithm = SunX509
	ssl.keystore.certificate.chain = null
	ssl.keystore.key = null
	ssl.keystore.location = null
	ssl.keystore.password = null
	ssl.keystore.type = JKS
	ssl.protocol = TLSv1.3
	ssl.provider = null
	ssl.secure.random.implementation = null
	ssl.trustmanager.algorithm = PKIX
	ssl.truststore.certificates = null
	ssl.truststore.location = null
	ssl.truststore.password = null
	ssl.truststore.type = JKS
	transaction.timeout.ms = 60000
	transactional.id = null
	value.serializer = class org.apache.kafka.common.serialization.StringSerializer

2025-01-26 18:25:31.269  INFO 4880 --- [nio-8084-exec-1] org.apache.kafka.common.telemetry.internals.KafkaMetricsCollector.init : initializing Kafka metrics collector
2025-01-26 18:25:31.276  INFO 4880 --- [nio-8084-exec-1] org.apache.kafka.clients.producer.KafkaProducer.configureTransactionState : [Producer clientId=cartservice-producer-1] Instantiated an idempotent producer.
2025-01-26 18:25:31.294  INFO 4880 --- [nio-8084-exec-1] org.apache.kafka.common.utils.AppInfoParser.<init> : Kafka version: 3.8.1
2025-01-26 18:25:31.294  INFO 4880 --- [nio-8084-exec-1] org.apache.kafka.common.utils.AppInfoParser.<init> : Kafka commitId: 70d6ff42debf7e17
2025-01-26 18:25:31.294  INFO 4880 --- [nio-8084-exec-1] org.apache.kafka.common.utils.AppInfoParser.<init> : Kafka startTimeMs: 1737896131293
2025-01-26 18:25:31.432  INFO 4880 --- [vice-producer-1] org.apache.kafka.clients.Metadata.update : [Producer clientId=cartservice-producer-1] Cluster ID: 5L6g3nShT-eMCtK--X86sw
2025-01-26 18:25:31.433  INFO 4880 --- [vice-producer-1] org.apache.kafka.clients.producer.internals.TransactionManager.setProducerIdAndEpoch : [Producer clientId=cartservice-producer-1] ProducerId set to 4003 with epoch 0
2025-01-26 18:25:31.439 DEBUG 4880 --- [nio-8084-exec-1] me.sridharpatil.ecom.cartservice.services.CartServiceImpl.checkout : Clearing cart for user: 25
2025-01-26 18:25:31.439 DEBUG 4880 --- [nio-8084-exec-1] me.sridharpatil.ecom.cartservice.services.CartServiceImpl.clearCart : Clearing cart for user: 25
2025-01-26 18:25:31.441  INFO 4880 --- [nio-8084-exec-1] me.sridharpatil.ecom.cartservice.services.CartServiceImpl.clearCart : Clearing cart for user: 25
2025-01-26 18:25:31.466 DEBUG 4880 --- [nio-8084-exec-1] me.sridharpatil.ecom.cartservice.services.CartServiceImpl.clearCart : Cart cleared for user: 25
2025-01-26 18:28:13.586 DEBUG 4880 --- [nio-8084-exec-5] me.sridharpatil.ecom.cartservice.services.CartServiceImpl.checkout : Checking out cart for user: 25
2025-01-26 18:28:13.609 DEBUG 4880 --- [nio-8084-exec-5] me.sridharpatil.ecom.cartservice.services.CartServiceImpl.checkout : Updating total price for cart for user: 25
2025-01-26 18:28:13.618  INFO 4880 --- [nio-8084-exec-5] me.sridharpatil.ecom.cartservice.services.CartServiceImpl.checkout : Producing message to kafka topic: cart-service.checkout
2025-01-26 18:28:13.621 DEBUG 4880 --- [nio-8084-exec-5] me.sridharpatil.ecom.cartservice.services.CartServiceImpl.checkout : Clearing cart for user: 25
2025-01-26 18:28:13.621 DEBUG 4880 --- [nio-8084-exec-5] me.sridharpatil.ecom.cartservice.services.CartServiceImpl.clearCart : Clearing cart for user: 25
2025-01-26 18:28:13.626  INFO 4880 --- [nio-8084-exec-5] me.sridharpatil.ecom.cartservice.services.CartServiceImpl.clearCart : Clearing cart for user: 25
2025-01-26 18:28:13.634 DEBUG 4880 --- [nio-8084-exec-5] me.sridharpatil.ecom.cartservice.services.CartServiceImpl.clearCart : Cart cleared for user: 25
2025-01-26 18:34:31.468  INFO 4880 --- [vice-producer-1] org.apache.kafka.clients.NetworkClient.handleDisconnections : [Producer clientId=cartservice-producer-1] Node -1 disconnected.
2025-01-26 18:44:31.458  INFO 4880 --- [vice-producer-1] org.apache.kafka.clients.NetworkClient.handleDisconnections : [Producer clientId=cartservice-producer-1] Node -1 disconnected.
2025-01-26 18:50:59.456 DEBUG 4880 --- [nio-8084-exec-8] me.sridharpatil.ecom.cartservice.services.CartServiceImpl.checkout : Checking out cart for user: 25
2025-01-26 18:50:59.474 DEBUG 4880 --- [nio-8084-exec-8] me.sridharpatil.ecom.cartservice.services.CartServiceImpl.checkout : Updating total price for cart for user: 25
2025-01-26 18:50:59.480  INFO 4880 --- [nio-8084-exec-8] me.sridharpatil.ecom.cartservice.services.CartServiceImpl.checkout : Producing message to kafka topic: cart-service.checkout
2025-01-26 18:50:59.489 DEBUG 4880 --- [nio-8084-exec-8] me.sridharpatil.ecom.cartservice.services.CartServiceImpl.checkout : Clearing cart for user: 25
2025-01-26 18:50:59.489 DEBUG 4880 --- [nio-8084-exec-8] me.sridharpatil.ecom.cartservice.services.CartServiceImpl.clearCart : Clearing cart for user: 25
2025-01-26 18:50:59.491  INFO 4880 --- [nio-8084-exec-8] me.sridharpatil.ecom.cartservice.services.CartServiceImpl.clearCart : Clearing cart for user: 25
2025-01-26 18:50:59.497 DEBUG 4880 --- [nio-8084-exec-8] me.sridharpatil.ecom.cartservice.services.CartServiceImpl.clearCart : Cart cleared for user: 25
2025-01-26 20:02:23.828  WARN 4880 --- [l-1 housekeeper] com.zaxxer.hikari.pool.HikariPool.run : HikariPool-1 - Thread starvation or clock leap detected (housekeeper delta=1h9m28s150ms).
2025-01-26 20:07:29.806  WARN 4880 --- [l-1 housekeeper] com.zaxxer.hikari.pool.HikariPool.run : HikariPool-1 - Thread starvation or clock leap detected (housekeeper delta=5m5s980ms).
2025-01-26 20:53:59.228  WARN 4880 --- [l-1 housekeeper] com.zaxxer.hikari.pool.HikariPool.run : HikariPool-1 - Thread starvation or clock leap detected (housekeeper delta=46m29s420ms).
2025-01-26 21:45:06.621  WARN 4880 --- [l-1 housekeeper] com.zaxxer.hikari.pool.HikariPool.run : HikariPool-1 - Thread starvation or clock leap detected (housekeeper delta=51m7s396ms).
2025-01-26 22:46:07.457  WARN 4880 --- [l-1 housekeeper] com.zaxxer.hikari.pool.HikariPool.run : HikariPool-1 - Thread starvation or clock leap detected (housekeeper delta=1h1m837ms).
2025-01-26 23:56:59.562  WARN 4880 --- [l-1 housekeeper] com.zaxxer.hikari.pool.HikariPool.run : HikariPool-1 - Thread starvation or clock leap detected (housekeeper delta=1h10m52s104ms).
