2025-01-04 23:53:54.884  INFO 92513 --- [kground-preinit] org.hibernate.validator.internal.util.Version.<clinit> : HV000001: Hibernate Validator 8.0.2.Final
2025-01-04 23:53:55.125  INFO 92513 --- [           main] org.springframework.data.repository.config.RepositoryConfigurationDelegate.registerRepositoriesIn : Bootstrapping Spring Data JPA repositories in DEFAULT mode.
2025-01-04 23:53:55.150  INFO 92513 --- [           main] org.springframework.data.repository.config.RepositoryConfigurationDelegate.registerRepositoriesIn : Finished Spring Data repository scanning in 20 ms. Found 2 JPA repository interfaces.
2025-01-04 23:53:55.342  INFO 92513 --- [           main] org.springframework.boot.web.embedded.tomcat.TomcatWebServer.initialize : Tomcat initialized with port 8080 (http)
2025-01-04 23:53:55.349  INFO 92513 --- [           main] org.apache.catalina.core.StandardService.log : Starting service [Tomcat]
2025-01-04 23:53:55.349  INFO 92513 --- [           main] org.apache.catalina.core.StandardEngine.log : Starting Servlet engine: [Apache Tomcat/10.1.34]
2025-01-04 23:53:55.366  INFO 92513 --- [           main] org.apache.catalina.core.ContainerBase.[Tomcat].[localhost].[/].log : Initializing Spring embedded WebApplicationContext
2025-01-04 23:53:55.367  INFO 92513 --- [           main] org.springframework.boot.web.servlet.context.ServletWebServerApplicationContext.prepareWebApplicationContext : Root WebApplicationContext: initialization completed in 455 ms
2025-01-04 23:53:55.433  INFO 92513 --- [           main] org.hibernate.jpa.internal.util.LogHelper.logPersistenceUnitInformation : HHH000204: Processing PersistenceUnitInfo [name: default]
2025-01-04 23:53:55.456  INFO 92513 --- [           main] org.hibernate.Version.logVersion : HHH000412: Hibernate ORM core version 6.6.4.Final
2025-01-04 23:53:55.469  INFO 92513 --- [           main] org.hibernate.cache.internal.RegionFactoryInitiator.initiateService : HHH000026: Second-level cache disabled
2025-01-04 23:53:55.575  INFO 92513 --- [           main] org.springframework.orm.jpa.persistenceunit.SpringPersistenceUnitInfo.addTransformer : No LoadTimeWeaver setup: ignoring JPA class transformer
2025-01-04 23:53:55.588  INFO 92513 --- [           main] com.zaxxer.hikari.HikariDataSource.getConnection : HikariPool-1 - Starting...
2025-01-04 23:53:55.730  INFO 92513 --- [           main] com.zaxxer.hikari.pool.HikariPool.checkFailFast : HikariPool-1 - Added connection com.mysql.cj.jdbc.ConnectionImpl@26d8908e
2025-01-04 23:53:55.731  INFO 92513 --- [           main] com.zaxxer.hikari.HikariDataSource.getConnection : HikariPool-1 - Start completed.
2025-01-04 23:53:55.768  INFO 92513 --- [           main] org.hibernate.orm.connections.pooling.initiateService : HHH10001005: Database info:
	Database JDBC URL [Connecting through datasource 'HikariDataSource (HikariPool-1)']
	Database driver: undefined/unknown
	Database version: 8.2
	Autocommit mode: undefined/unknown
	Isolation level: undefined/unknown
	Minimum pool size: undefined/unknown
	Maximum pool size: undefined/unknown
2025-01-04 23:53:56.109  INFO 92513 --- [           main] org.hibernate.engine.transaction.jta.platform.internal.JtaPlatformInitiator.initiateService : HHH000489: No JTA platform available (set 'hibernate.transaction.jta.platform' to enable JTA platform integration)
2025-01-04 23:53:56.143  INFO 92513 --- [           main] org.springframework.orm.jpa.LocalContainerEntityManagerFactoryBean.buildNativeEntityManagerFactory : Initialized JPA EntityManagerFactory for persistence unit 'default'
2025-01-04 23:53:56.277  WARN 92513 --- [           main] org.springframework.boot.autoconfigure.orm.jpa.JpaBaseConfiguration$JpaWebConfiguration.openEntityManagerInViewInterceptor : spring.jpa.open-in-view is enabled by default. Therefore, database queries may be performed during view rendering. Explicitly configure spring.jpa.open-in-view to disable this warning
2025-01-04 23:53:56.426  INFO 92513 --- [           main] org.springframework.boot.web.embedded.tomcat.TomcatWebServer.start : Tomcat started on port 8080 (http) with context path '/'
2025-01-04 23:54:32.508  INFO 92513 --- [ionShutdownHook] org.springframework.boot.web.embedded.tomcat.GracefulShutdown.shutDownGracefully : Commencing graceful shutdown. Waiting for active requests to complete
2025-01-04 23:54:32.520  INFO 92513 --- [tomcat-shutdown] org.springframework.boot.web.embedded.tomcat.GracefulShutdown.doShutdown : Graceful shutdown complete
2025-01-04 23:54:32.523  INFO 92513 --- [ionShutdownHook] org.springframework.orm.jpa.LocalContainerEntityManagerFactoryBean.destroy : Closing JPA EntityManagerFactory for persistence unit 'default'
2025-01-04 23:54:32.525  INFO 92513 --- [ionShutdownHook] com.zaxxer.hikari.HikariDataSource.close : HikariPool-1 - Shutdown initiated...
2025-01-04 23:54:32.529  INFO 92513 --- [ionShutdownHook] com.zaxxer.hikari.HikariDataSource.close : HikariPool-1 - Shutdown completed.
2025-01-04 23:54:33.964  INFO 92522 --- [           main] me.sridharpatil.ecom.productservice.Productservice.logStarting : Starting ProductserviceApplication using Java 21.0.1 with PID 92522 (/Users/sridharpatil/Documents/Learning/ProjectModule/ecom/productservice/productservice/target/classes started by sridharpatil in /Users/sridharpatil/Documents/Learning/ProjectModule/ecom/productservice/productservice)
2025-01-04 23:54:33.966 DEBUG 92522 --- [           main] me.sridharpatil.ecom.productservice.Productservice.logStarting : Running with Spring Boot v3.4.1, Spring v6.2.1
2025-01-04 23:54:33.966  INFO 92522 --- [           main] me.sridharpatil.ecom.productservice.Productservice.logStartupProfileInfo : No active profile set, falling back to 1 default profile: "default"
2025-01-04 23:54:34.414  INFO 92522 --- [           main] org.apache.coyote.http11.Http11NioProtocol.log : Initializing ProtocolHandler ["http-nio-8080"]
2025-01-04 23:54:34.415  INFO 92522 --- [           main] org.apache.catalina.core.StandardService.log : Starting service [Tomcat]
2025-01-04 23:54:34.416  INFO 92522 --- [           main] org.apache.catalina.core.StandardEngine.log : Starting Servlet engine: [Apache Tomcat/10.1.34]
2025-01-04 23:54:34.434  INFO 92522 --- [           main] org.apache.catalina.core.ContainerBase.[Tomcat].[localhost].[/].log : Initializing Spring embedded WebApplicationContext
2025-01-04 23:54:34.632  INFO 92522 --- [           main] com.zaxxer.hikari.HikariDataSource.getConnection : HikariPool-1 - Starting...
2025-01-04 23:54:34.777  INFO 92522 --- [           main] com.zaxxer.hikari.pool.HikariPool.checkFailFast : HikariPool-1 - Added connection com.mysql.cj.jdbc.ConnectionImpl@430aae8e
2025-01-04 23:54:34.778  INFO 92522 --- [           main] com.zaxxer.hikari.HikariDataSource.getConnection : HikariPool-1 - Start completed.
2025-01-04 23:54:35.461  INFO 92522 --- [           main] org.apache.coyote.http11.Http11NioProtocol.log : Starting ProtocolHandler ["http-nio-8080"]
2025-01-04 23:54:35.469  INFO 92522 --- [           main] me.sridharpatil.ecom.productservice.Productservice.logStarted : Started ProductserviceApplication in 1.632 seconds (process running for 2.193)
2025-01-04 23:54:35.470  INFO 92522 --- [           main] me.sridharpatil.ecom.productservice.Productservice.main : Application started with INFO level logging
2025-01-04 23:54:35.470 DEBUG 92522 --- [           main] me.sridharpatil.ecom.productservice.Productservice.main : Application started with DEBUG level logging
2025-01-04 23:55:16.960  INFO 92522 --- [ionShutdownHook] com.zaxxer.hikari.HikariDataSource.close : HikariPool-1 - Shutdown initiated...
2025-01-04 23:55:16.964  INFO 92522 --- [ionShutdownHook] com.zaxxer.hikari.HikariDataSource.close : HikariPool-1 - Shutdown completed.
