2025-01-16 00:16:10.570  INFO 2828 --- [kground-preinit] org.hibernate.validator.internal.util.Version.<clinit> : HV000001: Hibernate Validator 8.0.2.Final
2025-01-16 00:16:10.590  INFO 2828 --- [           main] me.sridharpatil.ecom.productservice.Productservice.logStarting : Starting Productservice using Java 21.0.1 with PID 2828 (/Users/sridharpatil/Documents/Learning/ProjectModule/ecom/productservice/productservice/target/classes started by sridharpatil in /Users/sridharpatil/Documents/Learning/ProjectModule/ecom/productservice/productservice)
2025-01-16 00:16:10.591 DEBUG 2828 --- [           main] me.sridharpatil.ecom.productservice.Productservice.logStarting : Running with Spring Boot v3.4.1, Spring v6.2.1
2025-01-16 00:16:10.591  INFO 2828 --- [           main] me.sridharpatil.ecom.productservice.Productservice.logStartupProfileInfo : No active profile set, falling back to 1 default profile: "default"
2025-01-16 00:16:10.837  INFO 2828 --- [           main] org.springframework.data.repository.config.RepositoryConfigurationDelegate.registerRepositoriesIn : Bootstrapping Spring Data JPA repositories in DEFAULT mode.
2025-01-16 00:16:10.857  INFO 2828 --- [           main] org.springframework.data.repository.config.RepositoryConfigurationDelegate.registerRepositoriesIn : Finished Spring Data repository scanning in 17 ms. Found 2 JPA repository interfaces.
2025-01-16 00:16:11.044  INFO 2828 --- [           main] org.springframework.boot.web.embedded.tomcat.TomcatWebServer.initialize : Tomcat initialized with port 8081 (http)
2025-01-16 00:16:11.051  INFO 2828 --- [           main] org.apache.coyote.http11.Http11NioProtocol.log : Initializing ProtocolHandler ["http-nio-8081"]
2025-01-16 00:16:11.051  INFO 2828 --- [           main] org.apache.catalina.core.StandardService.log : Starting service [Tomcat]
2025-01-16 00:16:11.052  INFO 2828 --- [           main] org.apache.catalina.core.StandardEngine.log : Starting Servlet engine: [Apache Tomcat/10.1.34]
2025-01-16 00:16:11.069  INFO 2828 --- [           main] org.apache.catalina.core.ContainerBase.[Tomcat].[localhost].[/].log : Initializing Spring embedded WebApplicationContext
2025-01-16 00:16:11.070  INFO 2828 --- [           main] org.springframework.boot.web.servlet.context.ServletWebServerApplicationContext.prepareWebApplicationContext : Root WebApplicationContext: initialization completed in 464 ms
2025-01-16 00:16:11.136  INFO 2828 --- [           main] org.hibernate.jpa.internal.util.LogHelper.logPersistenceUnitInformation : HHH000204: Processing PersistenceUnitInfo [name: default]
2025-01-16 00:16:11.161  INFO 2828 --- [           main] org.hibernate.Version.logVersion : HHH000412: Hibernate ORM core version 6.6.4.Final
2025-01-16 00:16:11.175  INFO 2828 --- [           main] org.hibernate.cache.internal.RegionFactoryInitiator.initiateService : HHH000026: Second-level cache disabled
2025-01-16 00:16:11.286  INFO 2828 --- [           main] org.springframework.orm.jpa.persistenceunit.SpringPersistenceUnitInfo.addTransformer : No LoadTimeWeaver setup: ignoring JPA class transformer
2025-01-16 00:16:11.300  INFO 2828 --- [           main] com.zaxxer.hikari.HikariDataSource.getConnection : HikariPool-1 - Starting...
2025-01-16 00:16:11.473  INFO 2828 --- [           main] com.zaxxer.hikari.pool.HikariPool.checkFailFast : HikariPool-1 - Added connection com.mysql.cj.jdbc.ConnectionImpl@7434ee13
2025-01-16 00:16:11.474  INFO 2828 --- [           main] com.zaxxer.hikari.HikariDataSource.getConnection : HikariPool-1 - Start completed.
2025-01-16 00:16:11.514  INFO 2828 --- [           main] org.hibernate.orm.connections.pooling.initiateService : HHH10001005: Database info:
	Database JDBC URL [Connecting through datasource 'HikariDataSource (HikariPool-1)']
	Database driver: undefined/unknown
	Database version: 8.0.32
	Autocommit mode: undefined/unknown
	Isolation level: undefined/unknown
	Minimum pool size: undefined/unknown
	Maximum pool size: undefined/unknown
2025-01-16 00:16:11.847  INFO 2828 --- [           main] org.hibernate.engine.transaction.jta.platform.internal.JtaPlatformInitiator.initiateService : HHH000489: No JTA platform available (set 'hibernate.transaction.jta.platform' to enable JTA platform integration)
2025-01-16 00:16:11.908  INFO 2828 --- [           main] org.springframework.orm.jpa.LocalContainerEntityManagerFactoryBean.buildNativeEntityManagerFactory : Initialized JPA EntityManagerFactory for persistence unit 'default'
2025-01-16 00:16:12.044  WARN 2828 --- [           main] org.springframework.boot.autoconfigure.orm.jpa.JpaBaseConfiguration$JpaWebConfiguration.openEntityManagerInViewInterceptor : spring.jpa.open-in-view is enabled by default. Therefore, database queries may be performed during view rendering. Explicitly configure spring.jpa.open-in-view to disable this warning
2025-01-16 00:16:12.192  INFO 2828 --- [           main] org.apache.coyote.http11.Http11NioProtocol.log : Starting ProtocolHandler ["http-nio-8081"]
2025-01-16 00:16:12.197  INFO 2828 --- [           main] org.springframework.boot.web.embedded.tomcat.TomcatWebServer.start : Tomcat started on port 8081 (http) with context path '/'
2025-01-16 00:16:12.201  INFO 2828 --- [           main] me.sridharpatil.ecom.productservice.Productservice.logStarted : Started Productservice in 1.745 seconds (process running for 2.231)
2025-01-16 00:22:56.417  INFO 2828 --- [ionShutdownHook] org.springframework.boot.web.embedded.tomcat.GracefulShutdown.shutDownGracefully : Commencing graceful shutdown. Waiting for active requests to complete
2025-01-16 00:22:56.422  INFO 2828 --- [tomcat-shutdown] org.springframework.boot.web.embedded.tomcat.GracefulShutdown.doShutdown : Graceful shutdown complete
2025-01-16 00:22:56.424  INFO 2828 --- [ionShutdownHook] org.springframework.orm.jpa.LocalContainerEntityManagerFactoryBean.destroy : Closing JPA EntityManagerFactory for persistence unit 'default'
2025-01-16 00:22:56.425  INFO 2828 --- [ionShutdownHook] com.zaxxer.hikari.HikariDataSource.close : HikariPool-1 - Shutdown initiated...
2025-01-16 00:22:56.433  INFO 2828 --- [ionShutdownHook] com.zaxxer.hikari.HikariDataSource.close : HikariPool-1 - Shutdown completed.
